6257
5656 1329 487
91 1173 1323
1429 1291 345
4794 1649 724
4125 1721 376
5225 1776 552
4018 579 655
4515 660 39
5025 983 1101
5298 1339 1067
1508 1966 113
3811 290 1809
350 1135 166
6196 359 1606
3962 1221 491
2037 1661 1407
101 512 708
121 606 1141
3381 875 1031
286 1218 570
5065 496 80
5480 1843 1742
3334 804 123
3816 1350 353
2593 1643 191
5364 1722 941
4889 374 1806
261 488 19
745 752 438
2826 303 167
9 33 87
5828 1245 294
5247 826 489
1144 745 698
2516 1340 491
2528 807 777
2209 274 1092
71 1265 1114
2294 1139 976
411 1155 696
115 520 324
6032 1305 1362
4762 218 1855
195 764 1028
2228 1999 1653
6217 935 601
2458 794 857
2747 1736 356
3751 1954 1820
106 315 1768
4807 370 182
2922 921 1008
6047 1748 174
2224 1687 1134
4555 460 1458
5180 1595 648
128 358 195
3672 1574 442
2306 983 1218
3151 1386 656
3911 297 1733
2365 1289 349
2668 918 387
4852 275 1763
244 999 1174
2850 1263 1085
3656 556 82
2424 547 1882
1537 379 6
2381 130 170
4089 1431 499
701 516 1261
143 471 1585
6226 1715 1658
5891 1165 869
5057 1677 1498
2320 1545 83
3161 1286 252
4781 622 1893
869 1061 1466
2419 1156 259
5229 1177 509
5716 1157 1051
2954 1874 1145
2870 1840 451
1524 1106 873
2908 1235 986
1362 1630 414
476 1756 1870
1158 1381 1528
2847 351 582
993 1509 774
2616 1593 1180
4628 1191 949
4371 244 1278
2080 981 773
1339 1164 1095
331 1029 625
4632 1243 1077
4856 366 178
1252 97 37
3277 580 1209
2309 336 245
5893 1641 1428
4530 983 723
1431 1102 1027
1686 575 227
4899 555 1135
5807 544 255
2948 1113 1008
3326 1307 1201
464 1040 415
1782 1142 960
478 1355 813
634 1751 1593
2074 1881 301
2926 659 37
59 328 402
3055 1301 1013
5751 831 688
5433 1784 522
5804 1039 933
1464 544 1391
4600 288 1788
5176 1006 333
5559 1422 1484
1101 1532 1252
4158 1913 1698
3101 667 327
3637 1062 591
6189 1416 583
199 46 171
2477 381 1821
4185 259 25
2881 1281 982
5228 1864 1551
2912 933 453
1237 1465 1662
1541 1917 1632
1712 249 483
4017 330 1735
2749 666 1549
2883 477 1195
4012 989 108
640 1818 1472
336 378 1320
4978 1713 1546
1888 1918 429
2187 292 1728
3789 996 422
3930 925 1244
2608 228 126
3023 1440 1782
4231 1841 244
1837 1098 523
439 1035 906
1318 1138 658
133 1015 1317
3613 1213 1037
3666 996 562
1483 1563 1506
24 1964 1873
6018 759 1152
1420 900 1250
1002 27 1485
4124 1390 1324
5429 1082 1116
5554 1603 1844
4629 1468 1493
390 1192 621
1851 683 492
4718 1065 713
5845 1681 428
447 181 1844
1706 1509 75
1522 1188 1116
4866 1382 1468
3439 430 1835
4739 1640 1300
608 1082 870
4330 1958 895
5944 1454 642
488 240 1874
2680 1338 1290
2377 1142 968
5582 1094 738
860 1574 1370
771 1043 1058
1492 756 1130
256 297 1948
4431 365 49
6252 1943 1386
4573 552 1012
6165 1385 1309
4525 441 1257
4921 1424 469
3963 1435 498
4439 1391 789
1297 574 1786
5609 1315 1379
5048 1791 449
867 643 1590
967 660 1145
858 1187 1312
1215 1380 313
5569 1792 1187
38 1517 487
753 546 190
3273 167 1740
352 1906 407
4257 495 1961
4163 1843 1735
5685 783 856
391 676 1045
699 1268 1130
449 203 1799
2939 1997 1238
4368 271 362
4971 1053 1278
4356 424 1081
460 1684 685
4152 1074 1163
632 660 859
181 1442 1928
1384 976 33
1146 949 1037
3583 1853 1345
5555 1544 1629
4863 1451 472
1195 1449 183
2814 165 1552
2905 1278 272
5895 1610 376
1290 1115 1229
1853 1755 663
5762 430 1091
2336 55 1731
98 1283 1067
1728 1698 381
4854 1083 1177
4920 876 1177
4255 1727 1350
2621 481 1400
1674 397 1589
2560 1020 688
4859 1440 1006
2825 1865 1358
2783 1041 992
5763 1902 1319
19 896 1579
2726 888 538
315 872 509
2011 1627 1699
1861 1532 548
4470 1893 747
4873 1584 86
4751 1776 380
6248 1330 843
3757 1051 1500
5755 635 999
5943 1731 157
5173 531 152
332 339 24
499 1588 1712
1445 860 998
4512 1074 1181
3471 173 1874
60 411 919
95 1323 802
3176 754 1139
4936 215 1472
1907 1001 1460
2838 603 36
3390 1462 1344
626 1768 517
652 103 1923
325 1712 662
240 1008 1470
1026 715 952
2656 1856 1581
1143 1269 827
1500 1031 412
3820 321 266
4844 1445 1269
4413 332 215
3049 1556 1789
207 703 1735
6228 547 1674
3453 916 760
319 1764 1624
3387 790 910
3483 890 1253
4295 1634 300
727 1463 92
2109 1019 81
51 1840 1734
159 82 112
3691 1709 1710
1917 1424 482
1111 988 759
787 1384 826
1874 1208 1179
615 1036 1149
5302 894 1244
4537 1200 654
906 444 428
2981 1641 1195
3431 1468 232
4846 1995 1722
6103 1812 547
3398 45 1865
3552 171 20
5146 803 749
388 601 1046
2500 1802 1412
4291 229 201
5868 1544 1390
731 1808 1571
855 636 299
2829 1231 331
3016 1159 1028
4131 1585 550
1226 345 117
3249 1006 1101
564 281 1745
2980 1267 1235
1008 287 124
5407 1615 919
4298 1673 220
1589 1623 1809
3588 1793 1737
337 1270 798
2044 321 714
994 1753 1815
4377 793 102
765 366 126
710 562 1767
6129 864 586
4267 927 661
595 1032 1024
1652 1088 205
367 855 590
4831 1912 237
957 1193 1183
1822 972 842
1767 466 447
5191 446 179
5924 1094 1061
3184 1376 1256
763 233 34
4481 605 269
5207 726 1287
5537 1307 126
1349 1161 1022
3922 868 925
2371 398 1893
5331 1361 576
2755 1677 433
3544 941 1229
1155 1870 697
4198 385 1512
281 634 1303
6197 690 1109
4057 1893 465
2181 1370 1228
5726 1822 534
1764 397 1329
3517 1593 204
5583 1612 1313
2251 1568 627
3907 1232 642
1578 435 1526
3815 1018 1080
5508 1476 1740
6092 1562 490
2059 1440 1569
6149 1480 890
4655 1951 1682
317 696 437
1438 1204 328
1565 1127 634
606 1739 1246
5776 1854 1631
3269 1178 962
1613 1155 624
2373 1147 875
4817 917 780
3650 1941 1611
3276 1936 1645
3902 1427 637
938 1890 1648
4679 1035 1230
418 1635 218
5035 1162 585
4888 454 1362
2533 1605 876
1812 1234 562
5265 1987 1209
5294 1914 1896
3317 1801 1371
1137 208 1607
3067 1276 107
3750 1292 1126
4816 1429 1705
4911 621 1337
5499 1305 1278
6162 1951 46
6218 251 1687
823 707 588
2056 314 1555
459 1619 106
643 649 195
5349 1194 1225
3331 1792 565
102 112 1938
3294 1346 1369
4463 774 977
5345 1065 567
4228 1964 649
1245 1485 284
4713 1704 1411
4156 1709 284
4616 1529 733
1036 951 908
4182 1123 1269
2773 1729 1687
3784 946 730
5938 1471 149
6214 479 97
2643 361 438
3180 1726 1308
5284 1576 248
2426 724 158
1676 791 1104
1647 1316 834
5749 438 325
5989 1533 1621
1238 1272 506
2665 1339 1457
2688 1625 164
5872 140 91
2733 651 824
517 1422 1113
1412 1163 419
1935 1665 718
3030 782 583
939 349 1196
1134 617 474
4039 914 113
6 287 1605
1538 732 29
416 1839 744
2531 1122 527
4532 1726 799
5038 405 82
1163 377 1899
1458 1784 348
1597 1148 1384
3943 1981 1572
5481 396 84
2379 300 285
1176 1683 56
1543 883 961
1630 113 448
4351 1109 1245
1733 1138 1252
3444 703 1279
5363 1320 1012
2903 1261 533
3408 351 953
1941 768 901
4084 1366 1021
4692 1164 1299
766 1208 683
5272 1772 4
1747 1193 614
961 628 90
4743 1047 831
4880 320 1581
5973 1777 256
816 594 629
4003 973 793
5028 1914 1898
4174 1614 675
5283 321 1701
839 947 633
1149 1802 273
3117 568 815
4145 285 1917
4495 968 246
760 1437 536
6132 1589 528
3258 364 70
2342 1802 1869
4047 1896 720
3021 359 1480
1800 185 1870
5543 136 122
892 80 121
3543 751 1446
2800 158 186
3912 1727 1793
1665 1202 984
3232 1246 1078
3497 668 1286
6078 709 1336
2100 511 1117
109 1393 640
234 1056 534
69 1489 1354
4030 1870 1506
2097 1203 359
1468 1804 1674
3579 1228 232
2129 1468 1771
5222 57 241
2945 1574 277
3162 789 895
5051 1784 1485
88 206 1726
3178 1070 1210
3671 1468 158
2634 1755 1787
4642 981 1037
613 359 1764
1783 427 244
6099 1388 411
589 209 1934
5557 380 438
5781 1607 704
2996 374 1568
1684 157 1723
2238 193 179
3969 1173 614
2609 1258 132
5067 1802 1556
6039 1441 521
3367 841 1306
5155 455 1167
676 1674 1619
5886 257 1815
1221 531 428
2227 915 936
2615 684 1419
6075 174 1666
3362 1986 1125
1415 1016 841
723 1887 853
3900 981 1343
4758 1791 661
2007 307 77
5208 422 200
3996 710 590
4476 1684 1249
210 461 38
1184 525 1353
5720 478 1874
1910 1389 987
3333 586 259
4865 1330 975
1248 702 674
1958 1575 620
3240 1507 1946
5245 1790 1863
5599 1834 370
6104 1064 445
885 1516 68
4388 1085 288
2222 1188 1314
2573 1493 1149
103 883 725
663 1367 300
4810 882 1130
5668 1223 199
4770 610 1856
5081 1446 517
5798 1258 446
4558 665 827
4950 100 1494
5961 391 43
1074 597 1624
5195 711 902
5815 1208 945
3081 1694 342
4304 106 1534
2451 174 1587
2994 1194 586
4417 1025 1241
253 1026 960
6249 384 666
3865 858 1055
4345 546 126
6079 636 230
5362 869 1217
3837 213 1739
4884 1701 1034
461 1492 147
1628 1916 306
3663 418 66
2518 1392 869
6070 733 106
4916 1440 354
648 1786 1679
5978 1624 492
4914 1166 919
2940 34 1872
3992 1516 209
707 245 1748
3849 1261 383
3706 1176 1132
403 1417 1295
3521 1102 1486
1841 299 261
1906 639 1227
3770 1115 778
2982 1523 615
5159 1488 1078
6135 1781 1945
3442 1754 1689
3771 1774 346
276 298 73
3534 1309 657
400 607 1650
1061 1810 135
5091 1402 966
363 1382 1254
582 1670 515
2142 1902 481
2553 1238 1236
3351 1688 1722
238 361 314
4085 1487 1692
1956 1455 1541
2318 1672 23
2362 874 1059
5912 1573 448
217 897 98
5144 522 1975
4890 862 1395
4404 1098 661
919 1156 655
4997 1542 1032
3394 526 301
329 195 1978
2901 101 183
3736 1646 1841
6256 456 1629
848 1296 623
3530 172 346
5675 1849 1512
3936 1596 194
273 1539 618
4072 1425 957
6178 217 1683
2654 1617 1036
2525 1317 1049
3916 1152 918
2301 1718 678
2646 1711 316
2355 1636 76
3159 440 468
3982 1886 1546
5044 904 1341
4428 1527 109
4528 316 169
5834 1675 1555
1663 1540 228
1717 943 101
6238 1930 1978
4272 1069 848
1280 104 1858
535 926 570
5532 1849 1089
2004 1324 1286
1646 1886 1542
1724 1010 644
3242 1683 1954
462 826 1124
1305 1155 47
3248 562 318
3376 780 1324
28 1820 1148
3565 430 1509
3348 1903 135
4764 1435 847
354 1499 554
2446 65 41
3020 215 1456
230 1483 1051
5029 1739 1690
1571 1001 1189
2160 827 1181
5775 1745 53
2705 1583 364
2527 1462 1113
3344 1982 1591
4451 93 521
6167 1979 973
419 1726 322
4579 1188 1200
3556 531 350
619 1229 959
4367 313 56
782 368 1081
3600 1838 1983
1220 1623 692
5485 1485 351
1124 359 286
2413 293 1128
90 1520 965
465 1063 640
1302 688 357
2361 1181 1094
3315 537 100
242 1207 30
3026 1200 546
1703 1878 230
4465 1533 232
2984 1630 62
3629 425 126
5006 1071 1177
5379 1797 1573
661 23 1937
5597 1666 315
833 1244 372
5315 1293 1165
2906 1605 110
2772 36 1844
3389 1864 247
1450 478 333
4374 1744 1671
1309 238 142
1546 825 817
1257 1794 281
2851 169 1683
6028 1908 390
5113 921 587
988 650 1677
2280 381 204
485 566 55
2921 1219 451
160 1542 1347
155 1039 864
5127 636 88
5892 1342 970
1104 1846 1590
1866 1644 418
3405 837 974
5342 417 1276
2925 1929 610
123 946 1508
5424 610 13
1071 1380 945
3406 463 1856
4710 368 95
4646 661 1108
5742 616 1356
539 989 1078
1023 979 306
2835 1744 1615
1849 464 1345
2164 1101 770
5220 1731 785
4168 1418 1653
4293 762 952
6181 1051 210
685 617 1256
2386 373 1576
2644 320 104
4989 1388 804
5604 1914 1554
1171 1888 492
5503 1686 1535
3715 1934 1813
1525 1114 1005
4014 1422 494
5643 1255 465
2021 1218 1133
305 1318 1028
2918 459 1070
250 1556 151
2135 914 832
5988 1647 472
2757 740 264
3100 1467 1103
5620 578 1063
5945 669 1094
978 1486 99
4311 1875 1015
2647 826 258
3917 1113 1422
3524 559 1812
6095 946 690
3878 1366 1219
6247 739 301
1714 607 1439
3233 1328 1223
4870 192 207
1319 135 1886
3478 1282 815
3436 1700 865
5330 1543 883
1694 1543 924
5564 979 843
5108 634 114
5419 138 1575
4052 1039 994
2869 1769 1445
3944 1872 317
4742 1352 976
1792 362 27
3274 1715 1785
4659 152 1641
410 1955 456
4556 1599 1192
525 1644 1163
547 1669 380
2963 1376 113
5982 546 313
2724 1623 1431
4913 1020 1271
806 63 1407
1754 1765 1451
3166 1662 1441
5665 52 1908
284 686 810
2302 786 778
2966 1848 1240
5361 1253 598
3193 1752 1233
976 651 780
4281 1853 1100
5147 1662 514
1249 976 845
99 1499 555
605 583 1696
2144 1275 1095
3622 664 1633
3919 226 1081
4577 1487 1414
1625 1863 1974
6034 1300 1020
1477 317 1888
1388 1167 903
5338 741 275
5584 185 378
598 1289 1116
3425 1010 903
780 537 1449
1725 475 1300
2392 1486 290
5745 1578 1132
2268 1245 795
3643 1902 332
3951 1809 1505
4720 1505 473
3831 223 270
4358 1680 434
6157 288 38
847 529 26
2407 698 235
4485 1120 317
3923 1624 377
879 303 738
3409 477 279
3458 332 695
3554 469 721
3702 688 812
5711 425 279
5800 1808 494
3229 1482 876
3630 281 1953
5446 997 477
718 1899 1314
2878 608 661
4133 429 23
5977 291 252
3668 1626 488
5790 1659 1160
3574 1174 93
1446 1212 859
2180 974 556
2260 709 1065
5969 1940 1666
2447 335 1545
5910 1294 1468
2030 236 661
2429 1912 1695
2425 744 447
1696 1277 1381
2246 1675 1825
3735 361 588
5623 1456 1513
916 570 1923
5310 257 1567
609 680 759
1999 1331 765
3380 1376 174
1737 687 1131
4898 1171 972
194 927 790
6100 1570 1053
2370 1269 432
3222 1584 237
800 653 596
2722 1195 296
1761 1571 1223
1545 978 1021
3468 1700 752
1607 353 433
2035 940 891
2998 221 1865
2701 1346 672
1444 1422 628
672 1528 582
1073 278 130
1453 1773 491
1955 216 1913
4329 1468 1137
5000 1750 1518
523 1842 871
2465 591 512
1254 971 1142
4105 806 843
1345 362 1803
1992 1186 1328
5864 551 1492
2877 149 390
4714 254 557
409 1437 1115
5193 1344 168
1743 1650 1179
2130 1391 1070
1659 1331 1201
842 1106 1271
406 1178 132
4935 911 299
4965 1382 1963
372 1080 875
550 1077 803
382 1304 205
1880 372 1334
4420 609 494
5296 239 525
2958 1769 1710
5269 1701 1164
1044 1580 743
5550 1784 1161
830 151 1543
5904 309 1794
3823 928 1487
1140 908 83
1601 994 1139
3137 1736 341
4504 454 1580
218 832 1536
4945 402 83
5372 1545 1196
5667 792 314
170 627 1445
5094 970 263
220 852 260
2210 1250 440
2841 480 1883
247 653 497
2879 1583 1988
3434 288 1812
5516 706 1329
359 1443 1233
2517 1654 467
161 106 1603
1666 56 1828
515 1532 336
1043 9 71
4868 1951 1394
6094 1425 327
1809 695 1056
366 1893 157
4885 536 959
6180 1881 1717
1050 1456 244
1687 374 1188
3655 1603 1464
5388 539 1920
1830 1708 1659
3846 1647 1886
5890 1274 721
453 463 1251
5351 259 1810
5853 1818 541
5979 1740 1987
4861 210 1721
902 556 1624
1321 1304 1462
2693 1249 1268
2352 335 1636
4078 650 1194
283 1287 864
3411 1549 1393
1834 1434 1052
4326 698 353
1938 1624 300
1325 1569 772
44 1126 482
5185 941 596
2782 1551 1648
3714 1426 1169
5278 1631 584
5418 1518 1187
4881 664 639
2040 875 1214
5355 1613 1405
2561 741 611
1016 660 959
1060 291 220
2604 683 307
4310 820 1166
5974 625 1575
3519 1328 1214
5198 818 704
2750 1124 631
2524 178 375
3108 1793 1233
2490 1398 1327
4221 1863 1612
5933 1132 1176
3391 1271 314
6150 1600 1246
637 679 554
854 1235 948
4675 408 209
4765 559 1282
4822 596 1532
1223 1924 981
3121 1185 596
4002 472 291
4584 1733 1226
1872 1809 1040
1805 1799 412
2287 1258 1252
3250 875 893
4952 419 154
163 479 320
1755 253 93
3147 1239 168
725 1365 385
5237 1915 1527
3747 1539 890
3675 1280 967
1350 704 1286
4966 628 310
2189 1737 481
4623 342 294
5616 1473 331
5728 307 448
1675 557 1218
2788 1390 322
1310 1383 1525
2145 1333 856
5916 1717 330
3106 1699 706
3658 534 330
1311 1816 678
3989 1541 1581
3772 883 1026
3927 422 247
4325 1420 1136
2067 1205 444
3353 1606 939
4760 153 168
1145 1294 805
4685 995 556
1723 198 168
512 1361 1521
3855 701 506
4015 1345 1259
722 1896 67
2959 256 240
3073 1925 422
4040 1213 1121
1496 1879 474
1735 673 1529
6191 1720 1159
2587 461 105
5571 606 1559
2611 937 777
3611 1106 460
425 510 1896
3522 1809 405
1015 1840 609
1472 364 1638
5235 713 384
1278 1597 1270
1480 1716 1857
2032 1672 557
2669 606 277
1695 15 331
4034 1905 266
3768 985 1207
910 1416 752
2955 1663 1520
1109 541 1054
2321 1360 478
6212 1336 479
3575 548 1345
5947 1699 532
1847 329 1030
603 421 1216
2664 1681 321
2951 1794 1778
5122 1674 485
5548 515 95
6172 408 299
4894 708 284
498 989 711
4079 1202 765
4422 1843 1616
1732 1874 825
794 1086 616
1616 1129 1129
3005 314 365
3226 743 1560
1374 636 56
726 446 1988
3939 1091 931
5110 1693 206
5483 714 161
1147 1877 1374
2391 1199 312
3283 525 200
5522 584 1923
1832 1445 1308
2752 831 901
3029 1819 1327
601 199 94
4473 1727 1335
53 395 119
3247 377 196
5855 1381 964
3045 1449 397
805 988 88
1669 475 1404
2887 16 1767
4969 1875 1896
2452 628 200
1034 1343 218
4725 859 821
173 1670 1698
4586 1694 1473
751 943 195
3987 767 336
1348 1079 648
1790 1670 1309
764 1775 243
3200 815 1003
657 1163 202
1969 1637 427
1893 118 91
2618 1517 675
1681 1358 945
1092 688 82
1466 947 810
3704 530 46
4258 1668 258
4757 1844 587
1255 1378 411
4644 1368 1913
6160 1774 1352
4077 1349 1077
1858 242 1323
2844 824 223
3654 1077 1096
2449 1927 221
2857 1783 671
5306 1936 1780
2501 1072 936
6085 1423 337
2503 1637 1617
4661 905 424
3014 1215 620
5478 59 1716
3532 1233 320
202 896 1167
4878 1257 475
4658 488 1727
2358 1831 1071
3560 1435 1234
5820 535 1065
1909 492 1074
6025 1434 935
2396 1877 802
5976 789 1307
1870 1605 1188
5063 689 36
4860 1073 706
477 1170 830
1618 1367 1709
3812 1554 1223
4738 359 1912
1103 390 1626
3036 1500 1910
1577 898 609
1180 515 1654
4339 1555 1213
2200 1457 1318
4024 384 195
1779 579 10
3153 1570 662
4350 363 375
2339 1436 587
3059 1004 5
3548 1732 1681
3355 981 838
3493 710 1217
895 1529 833
484 536 1333
3271 506 1101
3893 342 337
5710 287 408
375 33 198
4074 652 1177
5301 823 1213
1225 1771 372
2704 1943 1959
1604 1385 1160
10 312 265
2308 1626 204
2357 415 1575
4875 1033 630
5504 1713 4
5589 335 1789
1272 1983 267
4828 1428 667
5050 1745 1164
5445 726 68
5517 519 1086
1312 1963 364
4189 1264 1165
1758 1012 257
2793 1796 1757
5042 218 1319
2173 1841 1593
4800 209 1956
5380 318 1666
5551 1240 335
625 1686 1645
3913 290 426
1985 625 118
5252 149 127
803 1775 996
1793 251 1960
5520 5 1854
5664 1612 1343
785 1911 943
3994 642 1503
741 1971 1711
2264 554 52
2739 1864 1774
2907 1455 1587
5724 1498 177
1511 1162 926
2637 1282 1218
3819 1398 1037
5699 317 1902
941 448 126
6215 1447 479
4933 1171 881
2952 1643 732
2979 39 1978
3975 1051 1094
3203 95 1392
2975 734 923
3058 914 1453
825 1705 1485
3824 346 1111
3779 992 845
5833 480 109
378 724 127
3901 1471 982
2532 1665 1455
3393 759 179
4869 769 1495
6130 298 6
1844 1579 1784
6119 361 1708
6227 1478 483
857 985 967
4416 97 539
6023 652 1055
746 363 1447
5367 607 1391
4009 1357 553
4108 701 55
542 1347 130
909 1258 951
3461 772 13
4135 1896 405
3798 516 348
959 287 22
2047 108 1618
2174 1322 589
1813 1576 347
4197 207 1814
2946 383 185
5588 640 1695
532 352 1212
682 1222 729
5561 194 213
46 403 280
3236 1694 607
4395 370 1586
1786 1263 712
5266 1871 918
2915 1517 1618
5194 1726 347
2493 740 1311
1756 232 195
5440 265 1552
5782 1344 1511
5852 1501 861
2694 574 1620
3952 177 1527
5386 1948 1411
3896 709 955
6161 1637 1596
6235 1066 1269
1452 1818 1395
3541 961 770
3515 1502 1475
3906 1106 942
5727 1516 211
2853 643 1302
3133 1700 1515
843 1292 994
5913 422 1774
196 1626 1736
1975 1462 1807
592 693 64
2995 790 1244
3208 200 485
5236 254 1302
6021 394 21
328 1564 531
392 486 27
5320 1037 1141
2364 1032 812
5307 1374 1273
42 599 1260
1188 829 840
2277 1838 183
4698 478 1979
5729 1182 1171
1901 129 1916
6209 1001 1042
130 1194 1024
3869 1648 1194
78 1681 1332
3495 1370 79
922 1616 1225
2398 924 960
4270 1515 1551
264 1683 403
874 667 1371
4534 1257 1201
457 1808 1226
679 1446 701
955 1708 1253
1299 518 252
5758 1362 81
5935 553 1175
1838 1018 1189
151 1512 1085
6222 1904 716
1776 425 116
6053 1012 1019
6068 1874 724
1627 1405 192
527 1796 189
735 1528 598
4839 1563 1428
6113 1643 1571
1181 1217 474
3191 619 1291
2484 559 1884
4993 50 1
279 1712 1493
2157 1091 1174
3185 882 1029
5691 1383 804
6116 1051 1142
1971 1695 1028
2872 994 651
5540 712 981
5313 404 1156
5437 675 1182
6019 1999 1539
6020 285 264
2118 618 673
2512 766 1089
6186 1395 696
2378 1844 579
1759 812 1345
2236 463 1910
3230 1117 986
429 1143 458
4727 1596 299
3525 908 75
6062 1943 1556
1355 167 1916
1900 1192 91
3396 1229 78
5964 316 482
6017 736 573
5876 529 404
2170 1654 101
1201 1449 659
6022 738 885
5100 1600 660
4348 854 319
778 328 76
135 1149 166
5506 1142 950
136 991 845
1368 1649 1547
4062 1775 1321
67 525 171
1974 1043 347
4520 860 988
3311 1343 648
5201 1082 352
1656 1637 1068
2455 996 1210
43 1801 1574
165 1304 1138
2162 408 1964
1633 385 370
2815 1836 644
2012 843 312
2346 322 199
2640 606 186
4148 1717 1729
5764 969 940
5129 685 361
1183 1827 524
2627 752 1080
3872 1655 121
5915 1139 759
2454 1654 1276
3028 599 1182
3749 954 1255
5851 906 450
2314 1327 805
3379 1420 692
1639 1455 744
4019 1609 1712
458 1783 382
668 1690 1614
180 894 1470
1406 1256 740
1001 752 1179
1965 1331 1267
2467 1081 1374
2509 1408 1460
6134 1454 1408
3657 1038 534
1159 1436 1043
1179 1805 172
4905 1924 1809
137 1833 1305
1142 1902 995
4624 181 1815
3157 430 1114
3689 880 313
4561 1760 86
4951 635 84
1531 522 1234
3631 647 201
265 961 1091
2973 1757 470
3623 749 309
5314 1047 1200
4649 290 1242
4385 1847 1275
2648 1774 30
3741 792 1106
4137 1011 1107
4840 1429 559
5662 1288 798
295 1032 1041
1335 206 1289
1979 1322 480
1989 439 94
3946 1460 376
2848 798 676
4243 314 1997
3856 666 406
2102 1445 411
5859 743 280
3920 906 717
189 1026 1087
3758 1041 722
2279 1287 1199
4462 1110 1055
3146 1627 1416
1262 835 40
4701 147 1984
852 1158 1059
5080 1326 365
4049 1712 129
4050 1252 869
599 1599 1910
2233 1585 1769
4995 1520 416
1128 799 1204
5575 1391 699
3192 637 20
1528 1352 343
690 1473 361
2613 311 1189
3903 1471 294
669 1188 291
4370 1415 820
5114 1511 245
1048 84 1343
2014 903 827
2078 833 1109
2456 1643 320
5217 1358 923
3592 216 1292
5030 475 1860
4450 1728 339
1367 257 1766
5204 1256 871
4225 603 568
11 1749 983
572 1704 1180
877 1621 548
3830 1312 356
4886 1643 579
538 1701 429
819 1774 471
3422 1074 24
2443 1166 980
558 10 1846
5047 352 1778
5166 1247 1193
5791 1871 536
4531 1070 1154
5636 564 759
1386 1959 1027
812 1047 1237
4508 1629 1694
1422 1374 657
4338 1352 1568
1924 867 1109
3801 1616 712
5826 1859 1483
4671 1298 1427
177 1610 1615
4690 139 139
5903 681 37
4653 968 297
278 715 1459
4517 520 1949
3310 1463 1072
4205 578 1278
4651 1799 491
6148 1155 1112
3866 1219 1066
2663 962 203
5216 1212 1334
2692 187 212
2734 233 1889
3415 823 1169
1738 1567 44
3875 1061 823
5705 1441 1237
3624 138 101
5172 433 1854
1481 1328 332
1583 976 1002
2949 1127 248
3660 1872 1950
5120 527 1924
5753 879 843
4159 1172 176
6087 1398 1685
1588 1808 0
2039 1518 118
80 1667 1211
3940 1189 440
3634 1164 99
6058 1117 310
1868 1709 974
3636 1084 760
4673 1481 805
5335 1600 259
454 271 1721
471 1823 1879
1902 1348 750
294 1751 1288
5117 1585 1051
1075 200 102
2163 1706 362
431 1352 1166
4444 1459 799
4551 1730 1816
1771 166 1797
1923 1609 1354
112 1529 624
721 843 1235
4223 276 933
2231 1555 155
3079 1921 541
543 1895 110
1213 695 129
2005 1107 194
2974 1605 636
3472 149 1916
1160 1321 286
2674 828 1514
6074 1418 194
734 342 340
124 174 1755
405 440 1171
501 218 1380
2741 907 467
164 1824 1712
3701 717 429
5956 1478 717
5702 801 853
1770 945 228
3141 1505 462
900 36 138
5010 1840 1767
647 15 711
712 302 243
1085 1486 444
1121 998 1115
1933 759 111
5809 453 1282
3983 1026 723
6153 728 830
783 1981 1406
1347 737 11
3148 518 30
4036 1264 549
393 648 1535
4906 801 1144
4033 1815 1828
5031 852 954
1486 159 279
3125 408 126
3188 1114 623
1199 1432 1254
4445 1495 297
5965 231 1884
6124 1786 312
1964 1771 1239
2247 576 1099
2774 952 1165
4948 1024 942
21 271 1694
1317 241 1637
1544 654 66
1620 1915 1669
3659 643 1305
1168 1461 1148
5808 1863 1156
4254 1183 856
6031 1707 403
6243 1768 1806
221 1028 986
347 1280 216
1442 77 1779
4461 1814 625
1591 1847 1659
5241 1077 233
2723 398 259
5493 565 1573
2629 397 1789
4680 1018 1098
581 599 1818
1267 1502 302
1436 1521 868
6056 1059 1521
5684 1764 469
658 1126 389
2155 1736 565
4796 1565 1368
536 232 1465
5279 1688 450
5046 1756 1814
520 1126 435
3209 1804 365
1441 1163 874
1658 1370 684
4779 1752 1841
5661 1718 1696
4848 764 742
2259 573 1252
5759 291 1646
1187 1025 699
954 1978 1027
705 1728 1254
4941 1205 362
1685 1850 303
5624 1349 852
1982 1631 1886
4365 1721 1607
636 828 232
3687 1640 74
4988 1229 1023
1981 391 1657
5757 1252 479
2207 878 1285
2112 767 177
4774 466 1715
113 1106 1079
856 1753 1301
1760 1435 1337
3272 636 1390
5972 1615 531
6177 1389 259
1707 1569 111
594 1725 241
983 865 1211
4409 398 1892
1673 951 974
5409 1507 905
2237 1619 887
1584 941 1072
3307 437 1611
3292 1256 324
300 1647 459
696 454 579
831 1725 1418
5884 1653 310
6207 1422 947
1641 64 99
1413 756 963
2897 1217 573
5902 1039 496
1330 1911 1539
3325 1281 420
4775 512 207
1557 1960 510
1848 1287 1063
2226 899 1578
5739 253 106
4829 189 40
2179 446 2
2999 299 1763
5143 1603 104
5567 636 1582
5921 381 1356
607 103 1268
901 493 1938
2866 1337 1201
4872 920 334
1552 1217 133
4048 608 127
4393 930 511
1371 290 1350
5658 1724 1830
5713 1143 97
481 446 422
4678 1093 1120
3746 1405 793
4787 1919 1941
2123 408 222
5534 842 472
4474 831 826
3009 1656 759
4902 1402 349
2111 1950 456
360 1068 1089
675 1477 871
689 753 1740
688 801 250
3152 369 1967
3494 1753 507
2105 267 1780
4542 751 164
2779 1605 693
5541 1079 935
2010 1848 232
420 1661 1772
4763 1713 1120
1881 1935 1526
1069 1419 826
1306 1365 1012
3880 1184 615
4877 1869 1886
1593 591 1110
5365 765 456
6192 524 1614
114 1240 259
1928 481 380
4569 1508 731
1887 1011 1125
5336 1838 1251
5491 1758 103
2146 1421 1053
1467 1372 1090
2430 1258 1124
576 1539 30
3883 1506 230
2856 1184 428
3343 856 1069
5137 1620 84
1494 1978 206
1908 1642 1563
3731 1746 1591
4754 1455 462
6027 1024 938
2601 60 382
3328 831 32
480 1528 622
1877 1766 560
301 282 591
3204 442 176
2185 1657 576
3851 1578 281
2058 1674 1430
1136 282 1779
5391 956 409
5488 1369 1157
4006 519 488
4472 1894 1940
4381 224 1884
27 1419 856
1276 1866 1386
2964 1406 1675
290 1338 650
440 378 1904
933 1750 1722
2805 51 1730
2985 1700 812
3374 144 490
1079 1175 1281
4407 283 181
45 1892 409
4850 1730 1095
2777 58 1908
4926 1849 222
64 981 756
3606 755 765
17 1448 1805
4488 46 1328
4279 1379 807
5841 3 121
1353 740 913
6060 290 1665
1423 1991 506
1484 1365 1060
2526 1847 504
1778 1602 1985
2166 59 1819
5125 1268 660
1968 515 1215
1939 1907 1922
6051 1864 437
3934 206 429
6221 163 1849
528 1772 1623
1298 1512 1087
3744 1033 1317
4823 1221 858
5016 1711 649
5519 1970 1518
6127 1409 1067
132 1943 1500
3677 1036 1189
1806 1170 3
2137 1858 41
2858 1814 486
580 849 97
1750 1696 966
2687 893 584
1372 1837 179
5036 672 745
5328 1671 1432
5521 1430 1655
2245 1628 736
3888 1986 1673
2323 270 1708
4094 1376 216
2630 630 161
3112 362 4
893 1621 1521
228 192 118
4007 1805 1188
5839 1401 1560
2353 1699 51
5268 1069 958
3464 942 900
1204 1414 1345
1549 713 1202
2679 1392 276
1090 155 1955
3802 954 766
757 784 791
1664 1747 262
1623 1883 143
2438 1669 691
3370 1087 1082
2190 583 56
5258 312 70
5617 923 807
1207 710 1758
1086 1171 997
236 1078 4
1186 1861 894
5219 1512 947
3435 1822 148
226 1136 694
1820 312 102
3437 1229 1022
4425 1717 806
1185 1678 127
2292 1081 1242
2700 715 401
5263 1440 279
2567 1250 220
4452 822 445
5212 190 9
3864 1748 1301
4166 1882 1438
5273 1547 143
4990 1008 1242
2019 1586 594
5750 313 1763
2513 219 1827
5395 1830 557
5458 472 261
1448 922 202
1655 1456 777
3540 514 194
2433 326 1934
5145 1001 1133
2965 1848 425
2258 668 236
3262 1865 1228
4497 1160 810
2085 405 1532
2871 620 1258
3662 676 1127
3804 1737 76
4547 1675 491
4618 772 245
3196 1834 16
2507 700 1086
4114 1051 557
862 1911 1641
3777 675 684
5378 686 1205
287 1747 1077
2529 727 1871
4207 1446 1737
446 1036 1212
3268 1099 650
5141 1355 462
3275 1242 437
5390 1624 1116
6183 1412 1312
656 1848 157
2193 1727 491
925 1341 1701
801 182 1794
4236 1487 1299
769 451 1908
3401 653 1307
4944 1412 1587
3190 484 45
2249 1057 893
4314 1403 723
1937 1765 1783
1967 711 1134
5736 1058 414
169 924 1206
1430 1846 1481
5329 1845 1548
1859 1428 476
4919 958 236
5018 935 1309
1562 1863 1868
3335 386 1332
4107 1497 1349
1214 1585 963
2404 1762 1214
704 948 46
1261 1271 1010
259 1525 944
642 1717 1620
6035 272 387
3252 633 153
2770 1323 1151
5614 1636 355
585 645 1003
3550 1950 1708
1566 981 213
3019 1538 1056
3365 1152 447
3567 134 1771
5040 1884 413
1447 1033 1002
4342 1556 964
6201 451 222
1471 1211 1314
575 1082 1026
4750 230 208
5466 1464 1038
5501 253 1655
880 1772 1099
3025 1008 530
1028 505 524
2542 1441 192
4248 896 819
5831 1514 175
251 1820 54
5894 348 1676
5021 1791 393
327 872 258
3003 1041 973
302 707 151
1322 1889 1712
4211 1051 991
970 497 151
3065 379 1688
4210 1015 587
5087 771 1589
1192 212 227
3199 196 198
3475 1165 1125
2015 1273 813
5527 1500 245
5985 675 1385
3339 1878 329
894 1565 107
2820 544 1248
4557 1999 1975
4691 1784 1511
4825 1860 654
1897 549 368
1533 1468 118
4143 1427 232
5472 617 1706
3774 337 1491
4686 746 1114
2588 498 469
2133 1642 454
2241 524 202
1046 1495 1792
1631 1877 1810
4423 104 1819
2206 1842 1145
4741 1579 602
903 1797 602
3618 1890 1556
5227 1527 317
5678 1551 614
691 1745 412
2048 648 329
4274 1720 340
756 1380 276
2633 1779 184
4545 829 698
463 1468 559
2698 1743 1572
5319 1748 446
6109 812 1608
156 814 1051
686 900 615
4070 707 1152
4970 549 115
5463 938 272
2934 1656 662
3547 1563 1646
5352 681 1187
775 1448 300
6001 1496 216
4681 847 1310
5535 1662 601
1293 400 1929
513 1360 1102
2852 176 108
3793 435 102
6185 333 1639
1742 361 114
1892 377 1920
3850 998 1083
4815 585 1540
5515 1368 282
3810 1055 1151
3692 1187 1225
466 834 1348
2343 391 1550
3382 418 56
552 991 1399
2140 748 73
3068 10 15
963 804 1043
1308 1049 589
673 1343 1709
5789 1991 770
3107 38 1939
887 1328 446
1042 362 1717
5170 1911 1424
5586 1747 1702
5088 1683 684
2457 362 1326
1839 1601 1518
4170 1073 752
678 1710 864
1998 1532 216
1617 1932 39
5638 1413 1436
5457 936 809
209 565 1347
1270 1649 414
2600 588 1413
4454 1320 1190
2491 1341 998
804 585 1762
4115 809 997
2625 1654 1687
323 835 1050
2789 1607 1149
4332 1404 595
4524 648 98
344 165 1568
934 1756 1350
4280 1498 245
4398 717 1398
5743 825 748
4360 1574 268
5287 910 120
947 29 1334
1598 1359 371
5417 499 1015
2675 1390 1105
561 500 37
1622 519 433
2581 1773 1706
2257 1671 594
4227 1749 1908
5304 1408 813
739 1556 1276
1581 1873 523
1862 311 59
4942 1017 1160
2548 1591 125
4035 837 1157
4111 1324 161
4972 784 252
4110 1237 585
5119 1698 64
881 1995 1655
2659 720 373
3513 455 366
5132 808 970
4943 1213 1003
537 29 1922
2833 1601 469
4847 516 1243
5462 1849 1207
5936 977 994
6084 686 1023
4028 1811 384
6146 1331 796
1265 1596 107
4477 331 59
245 944 811
435 1141 952
1475 291 193
5066 1577 291
4327 1932 235
574 678 1789
1635 1706 437
5436 941 1260
1751 960 1058
792 1041 853
2768 1533 870
3491 1118 793
4237 1647 923
5529 732 240
5792 191 1753
6066 1031 20
2461 236 40
5650 307 1979
4991 1919 780
2221 1844 1317
2786 1226 1359
396 941 767
2667 912 1220
357 1870 299
4522 901 682
4271 1105 341
4418 507 1456
3122 1397 536
5952 1506 861
3843 620 1941
2902 1608 1484
4008 697 1069
4538 280 1840
1491 1878 1275
1814 1316 1268
2305 456 399
4317 1187 473
5878 1443 857
4164 772 1022
1173 652 241
4167 1743 1698
4783 960 867
3479 222 1886
3976 1581 1326
258 1020 968
455 1180 1130
4728 1885 1884
1523 1236 826
623 1337 1141
3673 733 888
4981 1511 1929
4224 1561 373
48 719 1275
26 1922 325
4833 274 67
610 549 309
1886 342 876
3619 1273 738
187 567 1816
3330 1449 557
4887 1670 38
5430 1866 1564
32 1773 1857
1211 469 755
5531 1439 1090
1100 1924 42
2017 1625 1001
2092 245 203
3241 442 1719
5618 1048 1120
761 368 417
1550 923 620
3400 481 1067
4242 1699 1863
6237 960 1130
353 1399 1456
4937 1861 1748
5824 1562 1026
5598 1202 1238
1068 288 229
4179 1858 725
1323 1827 1736
3104 401 97
1392 1672 1481
1414 1346 821
2116 1223 1028
116 1833 342
1558 797 644
2084 1291 418
5981 1508 399
3076 1926 1583
142 1446 409
4175 1787 703
5124 740 995
914 463 126
4411 1215 1476
5641 186 1994
4324 1624 418
413 227 359
713 829 806
3221 774 401
5533 690 1430
6107 567 45
1718 1500 378
2562 760 699
3625 1699 1419
5371 1547 1797
1996 863 670
30 638 577
4436 822 1280
6002 101 1554
953 1562 1566
4446 1810 1821
1277 1069 869
2895 615 1906
3782 865 101
1194 1455 1104
3918 964 1180
1369 87 37
3788 1223 730
2896 597 1298
6013 95 1937
4509 780 1084
3642 941 713
666 20 133
1138 1285 1239
1624 887 652
3231 412 280
4987 1092 383
6005 1056 412
1424 1411 1807
1517 130 34
4809 1373 253
1433 1503 522
4263 919 1072
5318 1319 1287
2931 1869 751
3320 1249 915
5323 268 1896
834 812 345
5441 372 23
905 1574 1628
982 1111 1000
2550 1987 1557
4598 1313 642
1219 1735 1408
5384 1848 1223
4622 686 1079
398 461 180
5652 1647 1969
1387 1909 1301
1292 1237 988
793 1757 1479
3061 1191 648
4735 684 22
5271 1405 50
5311 511 47
2538 1160 1192
4897 508 1197
3984 916 796
3617 237 45
4269 759 260
5396 367 1612
2031 656 1572
1894 1918 1856
4082 120 1990
318 249 167
3968 310 1070
198 255 1798
2961 1064 1063
5165 1172 414
5630 1575 1060
3372 558 161
6170 317 331
4424 781 1030
2141 1305 973
3132 883 224
758 110 1759
3826 1237 1607
1536 1738 478
3037 504 1325
3177 33 302
3697 1294 1091
4980 1552 295
5731 634 422
3762 1315 899
1619 319 1594
3237 1786 529
534 1638 1595
4603 1841 1855
417 1330 1110
1281 765 293
5648 480 817
223 1906 894
4708 1130 796
4973 1550 1301
117 979 1245
937 975 1032
2970 870 1041
5069 1415 1336
2725 947 1684
5182 1874 337
4218 390 1580
5412 1008 1100
5659 848 1526
687 1435 1227
2038 1743 192
1139 1488 1366
4088 1429 1367
3590 44 768
2617 1613 1917
4689 177 1851
4044 1196 1097
4233 353 622
2091 346 1566
4296 21 1969
747 1485 1147
3352 970 647
790 752 796
2753 1796 564
3047 1193 305
5997 528 796
2498 1482 798
66 1951 1839
981 1238 955
3563 784 1003
3683 809 656
5096 1863 1335
3791 1654 1450
6117 1172 1105
6206 1266 752
1553 692 1317
3852 1607 1177
4806 569 166
929 863 1338
4903 1451 291
3063 187 1569
3077 1607 513
434 1496 1097
2584 38 456
3350 1642 231
229 1609 356
3733 1160 920
2496 1434 1626
385 1651 447
248 451 1393
4744 515 304
4864 436 1999
5032 1506 1114
4567 632 367
2535 1645 1264
2719 1866 707
6121 526 1840
4724 549 1922
3486 1591 1317
5785 1655 746
3364 1562 475
2471 236 1573
2519 1813 1281
4315 238 254
1303 816 1066
3570 69 1972
4458 197 136
5835 687 1024
2894 1222 432
5697 187 1315
2607 1361 1155
1174 270 1261
1749 1608 900
2929 950 616
5061 819 1156
5732 219 1691
2415 535 167
52 1072 809
5075 387 207
4217 219 73
2717 1574 1740
5123 1645 1932
2304 435 320
4443 274 200
4363 599 612
5560 295 172
4984 1122 936
3454 793 140
3111 192 963
5920 252 434
809 656 1438
635 1167 821
3092 388 1608
3739 370 1529
97 1319 523
3545 58 1569
3720 1741 381
4244 1887 1700
4335 564 1207
677 710 343
4654 1980 438
5340 230 1914
275 1556 432
5490 1414 160
4161 182 1868
18 625 1224
1972 1567 1525
2033 1563 372
1734 922 1164
3586 173 1835
4778 588 160
4138 1383 1155
2767 1517 774
4753 1828 736
201 980 188
2967 892 846
3359 1459 18
1459 1060 718
2968 1295 818
4946 79 367
6163 1413 1422
569 123 186
5832 1419 719
4180 1853 1885
1773 523 1705
2653 1282 1051
2288 99 1616
3216 626 338
2178 1494 1283
4212 677 466
3889 1040 1100
4893 659 425
2685 154 1948
335 1594 906
5700 842 1378
814 1821 1776
2650 186 1462
4736 753 575
3664 282 1904
3814 1172 871
468 1316 620
1327 1259 1330
3759 1418 630
5116 1217 811
965 834 893
1333 59 1909
3280 873 288
2203 1469 593
1037 744 1119
3726 287 52
162 1607 1307
3498 1240 810
5385 1814 1858
1361 1072 1400
3103 938 432
3753 1221 980
4959 315 1630
77 781 327
2818 1682 1578
1603 1266 753
1720 1155 1592
2709 1061 345
2541 762 28
1729 1835 428
2769 841 692
2551 138 391
2661 598 1229
4663 521 666
553 1601 1771
5479 1080 907
1610 885 1010
3961 993 1105
4637 917 670
79 351 1594
6061 1848 1742
232 1091 1053
3197 1516 1534
3536 1016 830
5777 1192 661
6211 530 179
1824 508 1938
2559 1892 403
1054 893 971
3484 870 1090
6067 352 75
96 184 1955
5276 793 157
3455 867 293
4550 1467 1380
4134 280 1626
5949 1505 1172
3817 961 837
1926 1383 1796
1567 1871 482
5317 857 211
2622 489 1441
6106 1567 1667
4220 934 644
602 197 1863
6091 1471 289
4376 1670 558
5448 431 1841
5818 1355 1329
3539 641 921
4253 1849 1799
4619 1797 1504
4795 441 721
5752 278 1141
5967 330 1745
6154 1197 1115
1135 1284 819
490 603 1798
4467 596 324
4900 1262 961
5862 396 257
2935 500 1216
4373 1853 704
4292 744 636
1341 875 778
4303 821 273
3313 997 1003
312 1793 1798
1119 1634 474
3417 580 1559
482 973 325
521 466 298
2427 1066 775
4664 306 329
3441 1437 857
4638 1667 522
4203 1616 588
4290 1268 586
1535 1705 613
3489 1319 1320
5444 742 416
5498 457 517
1863 1471 1057
5797 578 1367
1169 1291 1278
4146 1188 1143
1827 940 1384
3338 1347 259
1284 1963 545
3510 959 771
6114 1011 1115
3792 393 1746
2303 1775 1518
2754 1739 491
2494 1049 1130
2864 1687 452
1774 1633 898
4247 525 1929
5858 1871 81
2156 897 190
5316 1490 362
1314 1110 1085
412 1898 155
2474 101 1853
2317 1628 1378
2997 1015 768
1315 1769 1629
4026 1662 279
4061 504 131
1726 1379 549
3986 1685 1770
2216 946 1351
2842 634 1489
3466 402 1833
3006 344 1700
3163 1815 1457
5673 145 37
5475 1596 1893
56 1768 1565
118 287 1744
1746 1000 821
4289 1647 1568
1609 548 1715
6175 1406 296
2875 1081 853
3653 1171 755
1959 1187 999
2620 1745 985
3443 992 1423
2606 1641 222
3088 1282 764
4699 1967 1510
3685 305 1755
3959 886 951
3450 840 791
4390 1050 1109
4998 844 1200
1488 1481 948
4093 139 1778
2094 1191 578
2395 1857 1499
1889 766 1369
2087 696 1406
3821 479 244
2765 1532 1630
2790 1706 1565
1819 704 114
5545 1045 1257
3260 349 1342
908 1905 1768
4876 1087 81
1495 999 1249
3964 1965 1766
1021 838 980
5740 1395 444
962 1340 248
4938 747 580
3332 480 1719
5901 1892 828
4901 742 752
341 1842 454
3707 1330 1251
3448 998 1201
6241 462 1264
611 128 114
3756 1128 1036
798 1284 1065
5613 1861 399
3169 620 1503
3958 1582 594
4455 1225 563
2504 397 1456
1940 773 1568
2462 271 1856
931 407 1875
1919 289 1712
1083 1902 419
1572 1459 855
5568 46 1960
5596 695 567
3207 1891 279
3881 747 765
6199 419 1435
5592 76 1637
5261 1673 901
5489 1478 1326
6142 1010 923
5737 813 1063
6037 1634 1188
3459 1060 694
1515 318 1718
818 712 884
1078 570 1082
7 246 336
2791 937 1649
380 1461 420
4487 1629 492
1164 1245 998
1084 1468 64
3218 1258 676
5626 929 982
2797 1300 717
3183 1995 331
4173 864 583
6026 1395 483
2161 321 1324
5810 509 1362
2932 1221 1275
1871 315 1814
70 1365 1105
1556 436 256
3083 814 417
1661 936 948
2437 48 66
870 969 578
4595 373 1893
618 756 1340
5068 793 1162
6115 501 1804
1640 1814 507
2243 456 63
3925 1141 825
5078 257 295
5327 1061 475
6205 531 1242
529 825 623
5246 1312 924
296 534 1852
4590 203 1662
4594 1367 1511
5058 639 141
3926 1437 1329
1512 1166 1215
4492 1069 703
777 1458 548
5105 1485 824
1045 776 860
1157 1102 852
1499 711 417
1449 1077 953
3281 1527 628
2057 1114 506
4058 1372 650
437 1386 850
2944 1337 1076
662 1462 682
1736 633 294
2138 1012 1118
3312 1777 1897
1850 1520 1346
2468 1897 1211
4321 947 866
3729 943 849
2276 1331 907
3885 1155 415
651 1067 1262
2658 1999 1626
3446 170 363
311 1706 651
1041 684 1163
6059 1600 436
926 237 852
4192 705 306
5449 677 1982
5778 783 953
4696 1745 11
3035 1697 1117
1099 525 1096
401 84 670
2069 1858 1200
5177 1454 770
1869 131 1710
104 1515 1560
2485 290 1614
1789 548 1936
4732 264 412
266 1446 279
3134 1455 228
3867 950 128
1273 1810 1128
1534 1064 1269
5368 400 139
5780 1984 1505
376 1568 184
6007 228 1810
2025 113 1942
1856 1114 794
5257 254 273
3282 1057 1070
4127 1754 845
1403 1476 1674
2742 781 930
1404 1056 1151
1529 1982 1421
1435 422 378
3385 534 1933
4759 637 134
1611 432 1970
742 1861 176
4645 1019 1004
6038 1122 1200
5139 1200 356
4668 1589 1796
1058 150 188
3577 1333 884
4940 254 318
4498 1080 625
1197 1276 873
3776 921 832
1905 343 1540
3979 634 8
5577 117 1843
545 1680 1033
3492 1450 601
2103 626 682
851 1790 1699
1657 61 488
4361 1635 1882
3447 1515 1506
5109 146 1718
6229 68 311
6050 1285 1351
6102 1178 439
1740 1584 1970
2064 1134 935
4219 567 1317
5497 794 822
3198 1150 816
5593 1193 1274
1654 344 201
2930 1193 746
5004 1870 478
5523 1671 273
4983 1386 1313
714 271 240
1251 1185 1056
6233 1451 1488
6187 511 1572
728 1596 242
3136 1306 501
4956 1143 722
5262 1352 427
370 1741 1142
2000 1508 299
3834 1722 1453
68 756 1002
681 1436 167
2927 201 544
3950 1829 1234
6140 789 1072
1301 919 906
3395 549 400
2776 615 714
1218 662 1665
5966 484 1812
1006 1365 646
3041 1887 1533
5353 1486 1793
3340 1131 1369
1629 1209 697
2225 849 1022
4879 422 1776
1497 381 106
3010 221 163
3402 219 1744
4051 639 747
5303 1768 573
4302 379 280
5748 1650 1624
1772 1044 980
1994 1669 1236
5334 780 1092
4193 393 274
1033 415 1630
2410 643 1299
5167 191 1390
4336 846 1246
1930 1676 279
5291 661 1595
1457 263 471
2695 1122 1606
4536 246 83
3080 740 1222
239 1867 1547
4496 1321 1374
2088 415 1563
3295 1106 1372
3017 380 412
2572 562 1601
6145 1328 700
1264 1454 649
5286 633 1072
364 1909 104
4249 1914 563
5856 434 182
1059 1547 303
1096 1466 425
2598 1149 585
4541 954 1089
1831 1691 1232
3535 1661 766
428 561 1655
31 1047 1353
1400 1384 1059
1708 727 1058
2515 1956 1421
1645 1182 676
4626 1481 481
6169 1766 1625
6242 1522 1886
2854 1698 210
5205 1617 457
3140 111 1910
2266 795 778
2575 1461 1141
2913 1913 1707
4191 1790 1136
1644 1703 908
3039 614 1812
5344 1763 1877
2270 1639 324
2298 763 1481
5375 1621 324
5456 1786 1503
2340 1902 1557
4020 1217 838
1208 633 271
2868 1529 26
5865 1689 443
386 279 1532
871 90 128
5082 1016 348
6176 386 1028
3558 302 405
5579 536 1344
3482 1552 79
4548 810 1112
6125 973 687
915 517 1071
6110 1472 1509
1177 1068 1464
2566 643 1144
5793 1041 567
2338 441 1757
1235 991 1091
4122 188 1497
1683 850 1131
3467 1994 1380
4924 1196 1084
5528 970 1427
1883 1990 470
4490 1493 120
3440 1282 88
3477 730 1048
5131 350 1915
1357 1568 1247
313 490 1869
1256 1716 1347
4343 986 393
4493 1018 222
5037 1393 821
732 1531 535
2718 453 633
3931 1923 1602
3948 1558 1508
1602 921 1161
2055 1395 298
3324 268 1701
6173 1969 1762
5601 1845 1585
5747 1155 1235
1745 966 596
3329 838 870
5451 1149 1131
4251 82 375
1855 1989 476
649 950 1122
3287 1708 554
5076 823 1575
1190 1410 431
2273 1822 428
2943 1112 771
4427 234 1716
5632 1956 1185
784 813 832
3418 1966 1842
622 1571 1620
1274 791 1259
4437 641 1670
984 303 1332
2265 1211 926
2641 831 868
5073 903 411
6101 1784 914
3612 1240 612
1660 135 332
1407 0 1537
2229 1104 1283
1141 913 1471
2730 136 1491
6097 733 222
1114 147 1592
1690 567 226
41 512 201
1269 1985 1415
4415 1394 900
2597 915 1407
2261 1679 433
2799 1774 1994
1518 723 1276
1803 1211 1324
4855 534 168
4693 386 1990
216 1993 1369
3228 198 1492
5738 1789 124
3167 1366 788
3234 1924 192
3752 705 1499
86 1882 590
2434 1804 1496
4331 1379 683
5435 634 107
4740 1753 1380
3309 1056 463
100 1436 546
964 1432 1354
3366 1924 1506
3354 941 1173
4734 726 1383
63 1447 561
2635 1775 501
171 1241 561
655 725 526
4849 1916 598
4896 633 341
374 720 491
5346 1265 1463
2418 1002 988
6086 905 1189
3416 1016 712
3004 1403 470
4 1651 375
5414 1211 811
3427 582 805
1564 1301 1233
4747 558 853
5382 1771 1453
1236 616 545
5020 1947 588
2917 546 275
4599 1081 610
2547 808 1432
4726 464 250
5838 1489 1283
445 1789 1448
604 235 650
997 1077 169
1586 576 1661
1650 1050 1189
5026 1455 373
5879 975 1213
1612 984 747
5008 75 1678
2555 320 159
47 1652 271
5387 345 47
3884 142 1920
4961 1925 451
5097 1677 1101
4491 1478 240
5420 418 459
1818 1491 202
2062 737 1346
4964 171 177
2549 402 265
4386 278 653
222 1309 1015
1539 1834 282
1885 985 726
1421 1757 1360
3973 974 1217
5768 546 1279
2885 162 1897
4344 1171 1189
4635 114 1653
3154 1381 895
4803 1296 318
1857 990 1434
4731 1034 1215
4169 58 1709
2563 969 332
2677 292 414
1022 309 409
5574 281 1905
2073 1289 314
5784 515 321
3870 1878 1612
4126 1728 1612
4064 1241 637
5615 604 853
665 545 1769
5766 824 1196
2475 1387 1050
1916 704 786
2710 963 893
274 476 1701
750 1417 569
4459 1529 980
1439 613 300
2131 643 704
2348 1021 346
227 347 560
2390 1775 893
4178 73 1743
808 1437 906
526 1735 1666
4766 822 1234
1957 1251 1449
4264 1803 1158
6083 1953 496
3346 912 501
6069 1854 1601
487 514 834
2042 876 1644
1389 388 1042
12 1758 1316
5823 880 1113
4362 933 734
215 683 419
1606 1099 18
2682 841 1011
5322 1695 488
985 1078 1199
3105 896 1348
5934 908 500
1105 418 515
3669 382 133
5179 902 366
3002 520 996
1066 987 231
5171 679 1163
138 913 345
3413 712 424
303 535 1323
2766 1165 1071
3060 438 136
3341 192 307
3595 1759 1320
3828 1279 715
3861 290 97
4096 662 118
5093 1604 1215
6014 1425 790
289 101 272
835 1304 1080
1156 435 1317
1331 590 150
2402 1280 1133
2479 382 142
3604 531 1686
3754 1313 1111
4918 1689 1528
5553 461 1768
394 1213 1127
2408 1570 135
2832 1356 1490
2880 1114 1352
4834 1393 1323
5251 1892 465
5465 1707 1350
470 1701 426
945 544 341
1007 372 119
1599 1649 896
1825 891 1037
1966 263 452
2204 421 1343
2282 1142 861
2315 1511 159
3123 239 1935
3386 1862 1439
3858 1963 1892
73 154 491
2702 1410 1258
3648 1866 1458
4120 536 107
4328 1542 673
5633 1527 154
5644 752 1013
628 1091 703
897 219 1945
1451 68 1856
1878 1612 1225
1990 1891 1657
2196 942 604
2678 454 407
2920 1863 620
3499 392 139
3998 1979 375
4805 1292 1039
5769 306 797
5836 1543 1226
6003 1954 1804
1024 276 291
1203 276 319
1727 1459 1307
2188 647 1597
3150 1862 1656
3593 1814 100
4190 1928 1300
4262 433 1815
4552 770 993
5267 1629 1495
5937 192 1683
548 1016 428
817 935 634
1112 1071 656
2481 1117 1431
2670 1813 872
2697 1706 1291
3094 1653 1454
3708 413 4
5240 1281 252
5343 1071 1080
5721 907 1151
6089 1690 1025
6152 674 1391
83 614 1355
508 1132 1693
566 778 122
639 197 74
1561 1134 375
1794 645 1062
2672 854 368
3480 1491 1116
3825 1515 222
3859 1493 975
5232 181 429
5376 979 687
912 902 1239
5639 1008 1076
5953 753 433
789 1783 1634
1530 97 90
1925 184 1291
2275 1155 1009
2716 1575 15
3172 1834 1772
3421 1534 1558
3508 741 1566
3651 1735 163
4341 683 1132
4575 1213 981
5102 1418 1223
5741 791 785
5803 1434 595
108 122 1411
1161 661 1243
1416 501 1313
1504 785 208
1934 724 1418
2098 69 1672
2624 1360 286
2971 1202 1634
3383 1518 914
4206 914 128
4672 397 206
4752 560 1951
4957 806 76
5507 1645 1311
5714 476 13
5715 1011 166
5719 1227 316
5984 540 256
6077 563 435
1426 145 248
1455 1243 134
1815 1189 798
2152 1722 601
2325 1790 1938
2383 554 1557
3514 508 1709
3808 587 273
4136 1241 1080
4712 642 271
4824 632 332
4977 1934 316
5370 358 1004
6224 1078 338
1753 1220 1317
2219 1879 1985
2827 1486 1416
3423 1679 1388
3573 1420 346
4066 888 1259
5248 865 1184
5873 623 1209
6040 1716 1987
167 1456 646
369 676 1685
1263 1922 1380
2022 1469 1097
2172 303 1661
2217 1915 1519
2614 517 1076
2845 281 12
3646 1741 370
3803 1474 1186
3938 281 220
4802 273 145
4818 1791 1812
4874 1648 159
5190 1196 956
5494 1643 713
1409 364 1834
2359 528 1059
2830 630 1629
3955 639 1222
4457 248 263
5432 1047 1061
6141 1555 161
450 1643 436
1788 916 1216
2255 674 311
3031 498 1184
3649 1274 1193
3942 1871 1823
5725 896 1061
2060 1282 897
2745 1471 1329
3174 1394 618
3511 1429 346
3755 247 1713
4099 1460 881
5425 762 1513
5830 1751 1506
472 1593 1508
878 1902 450
1810 1635 1153
1829 1217 398
2400 1466 1673
2651 1363 351
3254 744 75
4319 63 458
4612 1214 1069
5692 1024 265
6049 736 909
3686 1579 969
349 1761 1929
799 852 1335
1118 317 60
1542 929 1033
2403 1445 838
3342 740 938
4553 281 358
4563 878 793
4962 1678 1779
5829 557 934
184 189 1908
395 1909 398
1329 993 1022
1846 1607 144
2263 1128 23
2495 629 808
3027 1941 1441
3597 1607 240
3954 570 1608
4260 1133 841
5962 1394 498
567 1052 1276
1202 667 1335
1560 1830 354
2239 1585 1667
2335 53 1656
2440 202 1844
2657 1901 1267
3414 487 1748
3737 1726 173
4482 947 1249
4604 1732 495
4610 779 188
4634 1048 165
4669 733 1394
5292 1886 1524
5455 205 377
5585 1186 334
5887 1274 976
6139 1625 486
321 203 1914
999 1493 423
1401 1510 499
2569 246 220
2589 743 621
2683 433 1571
2740 1827 1521
2794 1863 1533
3038 1804 593
3580 1008 1291
4241 1957 1839
4516 1755 1660
5591 1472 1818
271 528 1405
1130 1154 1044
1358 1357 381
1427 637 1562
1454 679 1592
1621 1637 589
3202 1020 812
3589 1996 1582
4837 262 1821
5011 1612 896
8 1767 1484
272 1540 1217
549 924 1289
1638 1411 1059
2313 1093 1250
2972 1709 1270
3700 327 1670
4075 410 11
4518 1773 1543
5115 132 1779
29 1941 1040
1411 1556 1641
1463 152 1823
1570 1730 701
1962 1007 1203
2256 583 47
2363 972 653
3667 1448 1229
4284 1321 570
4299 1430 66
4378 711 1475
4674 816 596
5348 349 34
497 1222 1287
502 111 53
624 1493 618
1151 516 271
1551 1892 602
1961 886 606
3571 381 903
4399 725 1338
4412 1371 1281
4593 1896 29
4729 665 20
5619 300 1967
212 761 869
616 729 1239
2727 1418 237
3904 43 1796
3914 735 925
4141 1552 385
4430 1592 105
4447 1156 626
4639 750 1344
5161 1269 642
5722 1360 1645
107 316 217
1040 1305 1125
1988 1262 206
3321 718 251
3501 66 227
5377 1877 1510
5431 209 336
5877 1796 1945
786 1153 176
865 1140 770
1342 1166 510
1399 310 2
2046 1461 1319
2804 1116 1142
3876 677 369
4150 1470 1830
4403 460 1061
4656 1452 600
5140 231 152
531 1108 1555
627 1128 790
674 912 406
772 1616 1808
932 149 76
1289 1094 501
2802 583 1369
3223 237 1618
3728 1039 193
4027 1587 283
4162 1623 1105
4414 22 1630
322 505 226
995 955 627
1206 71 354
3072 1264 1487
3839 1273 1048
4442 283 1702
4526 905 234
4963 725 876
716 834 1142
1250 465 356
2470 880 1192
2860 1349 1276
3246 1524 276
3424 547 1373
3599 287 327
4201 1012 766
6188 1337 916
958 1096 647
1266 1234 203
1826 1287 1637
1840 708 1600
2008 504 1933
2150 1729 130
3470 1265 1025
3488 268 45
4400 576 197
4510 1590 1881
4648 1881 761
4786 1123 849
4895 715 976
5213 1507 140
5693 739 1608
5883 1554 294
6071 1168 404
5 826 611
81 1669 543
203 540 1222
1166 566 1632
1275 387 1350
1699 443 1403
2154 360 112
2290 399 1218
2291 450 1546
2632 361 205
3531 1223 424
3564 510 1794
3844 1012 1038
4068 1751 828
4821 1730 1523
4958 519 747
5083 88 1448
5135 1107 766
5162 1734 1261
6044 1563 466
125 70 1932
149 548 937
285 640 1391
430 1931 1572
540 409 89
670 728 266
1231 1324 1366
1898 1448 494
2505 1545 302
2599 81 417
2636 1315 135
2706 1717 552
3632 1708 706
4086 1751 1521
4804 231 1714
5474 1487 138
231 1753 1455
291 782 84
1087 804 663
1364 1311 812
1381 969 1245
1816 1449 398
1997 759 1186
2552 1037 735
3572 1700 537
4273 1665 1665
4499 920 610
4647 1308 1327
5663 808 882
254 450 1489
695 805 709
791 524 1771
2165 1401 1170
3062 1948 1201
3096 391 1411
3871 401 116
5158 1648 485
5234 1609 1356
5812 1614 1726
6073 42 123
158 1824 592
1122 1638 565
3211 1648 573
3299 1672 624
4617 703 1740
404 789 1268
1787 769 1320
2366 1352 989
2511 1714 1196
2738 1264 1245
3018 209 1574
4857 373 180
5640 1228 689
6164 192 1799
923 848 1310
989 1700 303
1320 451 528
1395 1222 1153
1951 665 805
3195 1616 1271
3227 1618 1489
3304 1167 1213
3399 1885 1376
4188 1361 1009
4535 444 10
4572 792 1085
4777 989 1176
4871 470 1198
5509 108 1765
5606 1279 1107
645 512 1763
927 332 676
1836 362 265
2798 549 1147
3143 1090 1167
3300 925 1283
3460 560 375
3935 1715 1372
4176 1972 346
6230 317 1458
122 1430 496
208 549 176
500 553 1819
1242 1076 205
2300 314 225
2703 1006 965
4213 1105 1190
4226 1422 7
5423 593 746
134 672 674
191 432 1832
917 1024 657
1470 784 1492
2024 1800 1388
2043 1335 355
2439 368 1801
2785 1734 420
3239 929 395
3451 1586 112
3626 622 401
4023 1773 245
4268 1784 1341
5325 859 1092
5442 1392 823
768 1209 842
1766 1433 1752
2652 595 275
3568 617 242
3598 1990 1404
4037 887 850
4479 990 703
4549 575 259
4581 1479 1692
5045 1664 119
5189 514 3
832 811 633
1548 798 186
1677 1869 104
2191 1765 498
4640 637 916
584 464 1150
920 1644 223
1011 978 1143
2139 837 510
2199 739 170
2808 1752 1084
2892 662 1354
3322 1397 601
3561 33 1866
4171 88 1905
4183 1544 734
4230 417 1469
4564 1851 1348
5358 1679 1599
5625 585 1971
2405 1699 1249
2840 833 84
3279 1054 920
3438 471 160
3502 1087 1179
4312 1815 360
5111 1328 633
810 330 167
966 813 1148
1062 516 1775
1514 1636 331
1768 177 320
2924 1264 851
4101 573 447
4285 1337 88
5299 893 13
5464 332 1063
175 1736 804
1285 373 434
1636 1773 272
2399 1037 937
2819 1659 1363
3051 600 776
3217 554 91
5357 549 464
5681 847 1082
853 140 176
1977 965 1159
2387 694 1313
2986 683 771
4031 1218 549
4606 127 1651
4608 433 1609
34 1833 387
571 1105 701
991 1500 1588
1170 109 416
1391 48 1816
2184 1299 551
4209 1775 1691
4788 482 710
263 1251 989
1019 1030 737
2714 1426 1362
3128 681 954
3149 1352 1712
3602 1283 1032
5610 1299 1019
5733 1573 214
511 1612 1026
1704 1400 426
2036 87 293
2375 636 414
2536 1687 1584
2539 1515 1038
3569 1003 27
4346 1648 1266
4630 1473 1216
4947 1425 998
5986 399 1219
475 167 626
795 1462 1823
1150 240 1889
1344 391 1799
1595 1659 175
1682 1377 893
3807 1247 820
4234 1804 794
4471 1747 275
4771 1822 1995
5544 1533 457
182 1634 164
270 566 862
330 1040 951
781 1368 1022
924 1141 239
1396 449 1198
2013 861 1110
2132 1283 782
2784 518 1519
2976 101 1721
3220 1337 550
3972 1284 685
5015 1941 803
6009 1253 662
6065 1807 1729
368 362 1144
2520 501 330
2828 797 395
3620 518 299
3679 1547 389
3721 1758 1652
3787 881 191
5281 1571 1013
5422 152 138
5794 1194 1016
5919 390 197
442 707 71
505 1803 845
2545 1504 1532
3682 1290 697
4046 1174 1556
145 1501 522
744 355 144
949 1970 996
973 1223 1109
1014 1438 440
1473 1915 1448
1918 1811 843
2691 328 1940
3905 1160 923
4394 151 1840
5060 1062 730
6093 1507 1636
1 874 1442
621 1278 373
633 649 1311
1217 963 1147
1233 401 141
2811 89 1952
3688 1152 975
3730 532 1407
4300 304 142
5154 1823 515
5558 1054 689
5787 266 323
6159 292 159
89 1763 386
1035 1065 1074
1212 738 1178
1585 1907 1527
3245 1764 1715
5270 1618 1777
5645 1484 248
6166 1461 665
148 471 183
213 1782 554
650 1371 1487
1117 1673 662
2322 1569 807
2849 1849 290
3056 1328 52
3610 882 1193
4676 1820 231
4801 1681 521
4909 1880 1998
5846 1288 1024
153 1247 360
473 870 718
518 1500 606
1031 1041 415
1200 1766 1223
1432 1117 1034
2571 106 1749
3066 1888 1187
3118 1288 765
3526 1333 456
4546 1573 477
5708 1251 689
262 1724 1395
308 1046 1118
693 858 327
2061 1192 151
4196 1533 738
4391 1966 1426
4533 1269 777
5897 1426 1152
452 386 649
612 664 871
1417 488 1737
2591 1932 1612
2645 35 356
3615 269 1775
6171 1311 102
474 550 320
986 1774 584
2534 1840 1883
3126 1417 955
3284 236 29
3698 589 247
3833 1117 1237
4494 853 260
4862 1620 535
4953 549 1273
5133 1361 1631
565 1730 261
773 953 645
952 503 244
1013 510 172
4102 862 669
5975 1248 891
6144 1142 951
6219 1661 1317
703 1935 445
826 1647 1626
2369 1849 1565
2397 400 16
2732 1829 1347
3298 1564 372
4222 1955 1992
4369 366 1863
4432 549 1425
5243 1356 455
252 1759 43
886 1506 1510
1095 1644 377
1730 1065 1405
2326 1344 47
2565 324 1720
2595 1760 1841
3463 1808 931
3699 935 1145
4322 1939 1922
4707 1197 108
4792 884 1268
5231 1706 1052
1600 518 153
2050 1300 1085
2066 730 229
2169 653 1538
2393 1850 1713
4232 1436 897
4392 350 1942
5203 973 899
5881 1706 41
141 264 604
824 228 154
1010 440 501
1359 1285 962
1821 881 640
2254 309 291
2543 1751 1252
5001 561 958
5250 279 436
5827 1701 492
1575 77 227
1587 1583 302
2649 1081 1188
2888 1463 1869
2962 92 1690
2990 205 59
4380 204 533
4506 1640 1694
4705 783 1367
4782 1161 1363
5309 1417 1166
5476 140 290
1376 944 874
1811 1242 915
1973 1502 579
2108 879 1281
3127 1348 1170
3323 685 532
4045 1092 868
4851 596 1046
5696 731 449
724 451 1954
992 371 1442
1038 1740 693
1120 985 188
1569 442 103
2213 610 1125
2296 1136 191
2510 36 317
4746 104 782
5932 1726 1983
373 1374 171
811 1545 69
3516 1696 355
3557 1421 615
4596 951 1202
5034 1930 1136
5289 1678 1673
5496 1084 1212
5654 1763 563
426 504 1300
427 700 429
1489 1645 1873
2003 602 1602
2937 829 538
3767 1858 417
4016 666 90
4065 728 1332
4748 1459 498
4799 380 222
5469 1624 415
5514 1576 181
5542 1024 1219
5922 54 323
267 413 168
813 1341 756
1519 1991 459
1626 1398 1696
1667 165 1917
3766 1088 1297
4441 100 1762
72 1542 1576
235 1846 1868
1721 112 181
1911 1807 613
2081 1195 1393
2168 1225 571
3481 901 628
3549 236 1428
4195 404 1590
4489 764 746
4605 1441 221
5224 1448 472
5581 1644 1839
5611 1292 621
6179 1467 460
172 1912 1527
277 1565 1386
2345 1659 1257
2441 820 1263
3375 987 460
3991 436 1954
4419 1195 583
5089 1499 1078
573 1084 226
2083 1050 375
2211 1749 1286
2537 1874 312
2580 1076 532
2631 320 1411
2801 967 1038
3716 869 580
3953 1748 1967
4571 697 83
4607 376 1429
4832 1783 623
5772 409 1493
5999 1616 815
946 959 616
1410 1235 889
2332 307 1980
3694 1910 1044
4239 304 1807
179 1854 239
1398 651 706
3627 1341 643
4408 1882 1764
4565 432 74
5112 537 1976
5280 1517 113
5547 139 1591
5723 1535 1301
5870 483 1420
432 244 1851
950 1143 1049
1408 1817 1147
1922 1101 358
3473 103 96
4032 1068 1061
4773 974 1146
5013 530 476
5072 1304 603
5211 412 3
5963 1906 1953
257 1939 1237
260 1158 843
560 939 1423
720 257 615
1081 954 987
1643 234 194
1765 1634 356
1823 1617 1254
2347 635 158
3048 479 1022
3794 345 131
4930 1755 1545
5253 1406 1351
65 987 825
82 1858 1196
436 419 1805
715 299 1891
1672 674 291
1913 1710 1505
2018 372 1736
2445 1152 1211
292 1833 1623
1003 1077 896
1559 400 985
1757 510 265
2448 321 1024
5242 559 359
5255 692 89
921 658 315
1167 1600 414
1634 494 356
2898 132 1824
3445 1631 195
3874 1018 443
3921 221 1985
4433 271 375
351 1160 786
1351 718 117
2715 1916 1703
3949 1515 1050
3960 1270 1256
4566 435 247
5134 376 124
237 1936 157
762 1960 379
1579 1353 1032
2324 132 351
3862 1151 851
4722 1471 1190
5099 1527 623
5735 114 176
882 1780 1141
1521 280 1717
2681 380 280
3069 348 491
3661 678 128
4117 1958 1255
6126 829 556
348 1511 125
365 147 1979
846 548 358
873 1031 621
1229 1033 1394
1378 344 0
1952 236 50
3847 857 1204
4294 1056 406
4570 911 1116
5347 595 1319
6236 362 1944
298 1950 178
1642 689 917
3388 1815 552
5142 1314 1303
5806 1356 892
120 1460 1607
2311 963 1039
2423 828 301
3091 1574 26
4434 731 178
5005 291 272
5629 714 5
5990 1178 1090
6120 622 1698
503 911 987
2721 1710 1335
5401 1083 302
5765 1181 1166
6193 1390 64
147 1549 1825
1799 1845 640
2480 724 678
2882 1906 463
3070 1964 1343
3170 604 1871
3261 1752 1456
3854 170 109
4286 1068 636
4384 1064 1064
4449 448 1651
4791 1804 901
5106 1936 385
5959 284 1660
293 64 1954
620 1554 759
1093 1801 1138
1154 451 1666
2751 1898 538
2933 1051 840
3219 1609 1425
3456 1812 1656
3725 877 608
4266 1802 1487
4798 1821 584
5052 292 1965
6029 819 647
6123 1604 435
6231 1331 396
617 720 1214
1030 92 362
1162 1807 1301
1984 727 947
2586 1169 807
2638 1335 1054
3293 681 117
3796 1449 1243
4112 23 335
5027 1587 230
94 1486 1912
586 1655 1531
730 1402 1258
748 956 79
1356 1404 925
1775 1982 1384
1804 1438 841
4925 1746 57
5023 1027 941
5712 738 330
6168 1847 133
152 834 493
1123 1480 1779
1354 454 490
2049 525 1075
3050 420 26
3131 1773 190
4484 1425 637
4587 54 1912
4845 1432 1102
5062 1741 755
5164 1746 1126
5186 599 1910
5649 1737 519
1780 1175 831
3652 231 87
3678 775 1379
4410 791 13
5447 1991 402
5888 959 714
415 80 1679
546 664 293
829 620 778
841 821 2
1178 232 346
2506 1039 1052
3842 1915 798
3892 1359 82
4054 902 429
4853 1846 176
5017 1724 223
5033 993 1236
5202 9 1823
5760 1088 904
414 416 1103
667 1013 876
948 1773 545
2411 1817 583
3674 856 377
3797 722 453
4819 1562 1454
4843 612 1106
5285 1630 1322
6202 1365 1246
664 555 1598
2068 1043 953
2299 811 1121
2333 1344 973
2522 1837 374
3835 1568 733
4021 1583 1035
4592 879 437
4949 399 1912
5206 695 577
5454 1517 1796
5666 1150 1010
355 1479 1321
827 1493 1221
998 1787 242
1039 606 1976
1082 92 1848
2889 1641 312
3358 474 1390
4025 1130 612
4662 435 1990
4838 1782 1680
5264 721 993
5470 1553 642
183 752 1299
1126 616 1456
1291 1862 190
1437 1045 733
3806 1587 192
3813 791 436
4121 1534 161
4240 1778 665
5288 1302 505
5321 854 1437
5954 1728 841
5996 911 872
6048 410 1773
1370 490 25
1697 846 915
3809 895 982
4316 1295 565
5487 296 1037
5813 1634 1226
154 1272 1338
646 1879 437
849 1228 511
974 1249 624
1835 1909 1309
2053 1043 1324
3054 1686 178
3601 103 1425
3696 167 1768
4478 1610 231
4631 1384 295
5239 1893 1776
5400 571 27
5706 1288 852
5931 870 1109
5993 200 1761
6210 99 129
6245 1150 677
568 1771 1417
706 381 110
1205 846 1175
1662 535 1314
2728 1734 1908
3238 1108 152
4128 1842 1494
4313 1712 1566
5181 796 1151
5500 1672 320
5634 1999 1265
5647 1912 1612
342 1113 1234
654 1864 566
1055 1106 833
1456 1730 1276
1709 186 1722
1715 937 691
1716 501 229
2126 697 1114
2556 1397 1106
3616 1671 1059
3717 323 37
4716 1800 1467
4955 1847 1819
5156 1001 179
5911 439 1941
433 1089 875
559 526 39
844 1142 1639
1419 903 1584
1461 1370 197
2070 520 71
3138 480 124
3608 1079 688
3745 1349 194
4153 1611 1167
4165 147 347
4396 1338 450
4706 1301 1063
74 1172 594
752 1226 727
1234 354 1857
1936 1871 1836
2272 62 1635
4641 1513 639
5341 1121 658
5991 1430 1951
4043 1733 1644
4426 467 984
5360 727 1111
5843 769 485
39 1176 984
1182 1525 687
1954 276 240
2684 1596 949
3462 1532 1606
3778 99 1610
4083 839 835
4375 392 177
4383 537 11
5059 772 613
5411 1528 1609
1443 1667 351
2197 305 213
2863 1731 1356
4160 1038 926
4355 1952 236
4372 1969 510
4975 1412 1292
4982 1459 477
5410 1893 1716
5539 57 1652
6151 1772 1331
1077 115 1983
1363 850 986
3173 1137 574
5175 1896 233
5552 407 297
5680 825 1352
304 1058 543
448 1158 844
1748 394 1038
2583 1563 124
4960 378 1920
493 1523 1338
692 572 99
2153 623 194
2460 1855 1253
2756 749 1341
3614 1152 1090
3761 443 271
5086 390 1952
1402 968 1001
1890 1346 986
1927 1235 1526
2269 1508 712
2941 911 478
2977 1072 832
3719 1602 491
4287 1261 826
4719 1077 1146
5459 1221 1045
5746 1571 1844
5992 212 1785
593 371 421
1098 1434 729
1115 1009 656
1526 1800 1202
1731 1496 937
2626 1106 636
2904 1735 1256
2923 1183 825
3738 956 1660
5012 1874 515
6082 974 1225
2143 890 245
2198 139 1780
2486 1424 189
2521 663 1310
2711 390 64
1843 598 1730
2001 724 1173
2136 1658 783
3206 1590 319
3429 1304 448
3970 1006 1509
4562 1258 1419
5817 664 1348
5837 355 34
5951 1546 726
591 1737 731
1258 231 462
1929 199 1809
3278 506 624
4042 1773 557
4578 1439 822
5019 437 1197
84 1049 230
504 627 1609
2182 199 1853
3529 910 1143
3780 206 91
3908 1844 1479
4187 667 999
5968 1595 1851
185 1063 1494
438 1916 1843
3705 88 238
4585 2 1912
4643 1138 1352
4772 720 865
389 548 257
1027 872 1191
2810 391 1939
3500 1026 1396
3585 1304 75
3710 930 424
4103 212 178
4761 505 1864
4813 697 455
5404 372 1726
5646 352 432
5679 1268 1214
225 1160 293
770 1123 769
2052 1417 1055
2464 1304 1518
2469 1431 630
2936 417 3
3528 1474 1554
5041 70 139
5637 1961 780
4177 1461 1889
4379 1690 1670
4614 1990 106
5149 399 1766
5277 1190 634
5682 441 133
5821 70 1966
788 1662 1498
2099 1767 1828
2175 1166 921
2388 572 1564
2412 728 45
2483 1678 1871
3303 300 1692
3308 1851 361
4060 1791 865
557 417 445
583 740 1415
1785 1810 1374
2316 1791 485
2813 35 298
3628 904 942
3915 469 1061
4976 217 1989
4994 1878 1477
6220 148 84
754 1080 756
1070 1041 1068
3008 31 167
3253 73 1792
4109 327 241
4334 1258 789
4820 1574 357
5188 890 1107
5627 408 225
6208 1024 866
496 1809 1347
1172 1976 1964
3305 450 1470
3392 59 1612
3894 1672 1536
4013 1802 1907
4620 1893 1583
1018 1399 300
1246 1512 683
2839 1502 1427
3205 104 249
3827 1015 1225
3928 802 1333
3988 1147 510
4118 390 35
5393 1198 475
5413 516 137
5970 1310 812
890 1404 314
1153 1765 269
2125 1761 547
2792 454 1952
2796 833 871
2806 1552 146
3742 1767 175
3743 1497 638
4543 1583 706
4733 1309 1278
5690 1345 173
5761 578 1992
6011 518 1999
87 962 665
190 863 1264
381 1615 1015
422 1935 695
2578 1175 634
3093 1272 990
4259 368 1945
4582 1542 123
4665 1917 1716
4776 1619 1529
1020 1035 744
1365 481 1987
3641 865 766
3857 1596 1149
3978 795 999
4067 1163 481
4621 795 771
6239 564 1498
494 1860 921
1029 1320 947
1332 1008 1139
1469 648 39
1702 295 678
2938 1631 1234
3255 1010 419
3361 1806 1673
4056 216 1708
4091 717 1581
4697 691 747
4986 532 55
5860 591 451
972 1270 670
1091 1577 205
2428 275 1747
2859 1480 1810
5339 145 1864
5854 1097 1094
5906 1005 1204
6054 1101 883
698 1836 1472
1912 1062 226
1947 486 1551
2978 706 783
4660 1708 1274
4967 1274 745
5148 800 609
5795 1460 1484
5802 1003 398
5929 415 238
140 178 9
899 1451 922
1797 786 619
2075 1465 715
2744 1121 929
3270 528 382
5070 1846 564
5779 1820 442
193 1231 527
1049 1486 22
2122 1826 1880
2758 1054 243
3033 1441 511
3490 1278 494
3877 1989 415
4468 1061 239
4891 980 896
144 2 1603
828 872 693
1360 1696 1248
2319 1315 1188
3582 582 952
3718 838 1271
3841 594 85
4858 1617 389
4922 555 1379
5183 307 1510
5709 204 1659
5863 943 628
491 1968 1700
845 1642 296
975 537 1025
1802 659 1309
3256 1733 545
3452 227 38
5525 298 291
174 1324 1299
197 553 1680
361 564 1501
1527 127 7
2115 1166 1090
3897 1942 426
3980 1423 1635
4073 913 1059
4695 1874 834
5215 1714 1152
5308 413 1260
3 355 99
1385 737 1210
1762 179 1739
1949 1647 1850
2476 761 1239
4041 181 166
4580 605 498
5118 577 1034
5434 560 253
5671 1682 1253
5788 1735 1682
486 986 941
1781 391 1272
1904 18 1536
2422 157 297
4277 1676 1086
4717 700 1176
4789 1665 935
5369 937 1660
6128 1159 874
249 1950 1384
306 1519 374
510 1605 386
1425 722 1425
1576 1628 1172
1689 271 1784
1986 1045 1197
2707 1572 494
4912 699 1158
5187 1404 504
5566 1575 541
1260 498 1007
1383 1741 581
2034 1366 334
2208 941 1176
2619 607 560
2909 757 651
3116 1907 1379
3145 257 1699
4092 924 1036
4704 267 1906
5580 970 649
700 1243 868
1418 1866 1684
2186 1487 1070
2310 853 1441
2743 889 807
2809 1351 959
2891 512 49
3420 1813 526
3647 909 39
3740 977 772
3775 551 1570
4438 1021 1140
4456 1465 1067
4683 1511 887
5254 948 1385
5923 460 311
5942 1611 1860
5995 1192 710
268 239 134
822 1126 957
960 454 386
1568 461 1380
2148 1751 504
3007 1590 394
3089 1316 361
3836 685 834
4421 1556 1327
4611 881 1334
4915 300 1878
5530 1030 1206
105 249 1861
131 845 1183
1067 1628 1595
1653 1387 1105
2568 361 1952
2731 1751 1157
2735 1635 1188
2846 973 1231
3712 480 935
6194 1788 203
556 1691 611
743 1470 1069
861 869 958
1097 1186 989
1193 513 430
1719 1006 703
3594 1356 263
4749 546 1369
5043 1261 572
5867 741 330
6155 1378 383
421 1792 1545
554 1628 407
2380 562 1845
3373 800 139
3723 1178 970
4907 353 1451
5819 331 95
5847 694 1164
2285 1233 1167
3347 481 1604
4307 928 1242
4609 1712 1294
4827 924 710
5405 1652 604
5941 1639 685
5950 728 302
35 238 1883
314 633 1234
587 1504 109
1852 1421 539
3099 494 257
3703 911 1076
4142 630 1476
4306 823 476
4359 25 515
4514 1821 1508
5354 1371 901
717 1462 449
918 561 357
1507 1020 1091
2250 419 127
2344 504 384
3773 1202 1311
4480 1033 1210
4568 1246 1263
5169 947 799
5332 1365 1327
6016 289 1692
6098 946 984
469 1244 1180
736 985 461
797 328 310
1247 805 1042
2307 491 8
2890 1638 1466
4574 846 898
4780 1235 778
5014 1379 1092
5438 1753 1665
5771 726 1398
408 1809 1464
541 975 1652
659 1836 61
767 1670 10
1554 621 1472
1563 1693 299
1978 1157 1001
3587 954 1036
4554 1687 275
4730 951 328
5600 119 1688
2708 1569 189
5373 1160 1472
5880 862 507
5905 963 172
61 295 151
343 1258 706
872 1302 697
1116 762 1064
1224 1167 626
1502 820 48
2089 461 161
2223 1354 637
2384 1534 1542
2579 1784 1406
4147 501 265
5397 1776 1631
5774 206 392
5786 736 1418
206 1242 946
733 255 418
2117 1682 1698
3993 1982 23
4144 84 1713
4305 1347 422
4721 1882 199
5392 1705 1427
192 1481 1610
1377 1715 165
1763 1050 676
3371 61 61
362 1901 1219
911 1844 1378
971 531 30
990 911 621
1259 240 1771
2382 499 1424
2570 88 174
3085 1916 1390
3638 1510 1572
4527 983 1169
5226 509 1941
888 1491 536
1076 1362 1234
1132 773 421
3476 1918 1588
4113 1898 1065
4204 1997 1752
5381 1186 622
326 1039 1427
1509 1735 411
2076 1840 1315
2761 1279 1029
3933 655 206
5971 1745 638
6156 1308 844
339 746 519
509 328 199
590 556 1213
1506 1228 984
1833 1714 1387
2218 752 1252
2297 1305 1111
2487 978 180
5055 358 1761
5090 1838 858
5402 1190 884
1012 933 1171
1428 1083 704
1960 1153 1148
2023 76 319
2063 1915 451
2478 636 630
2942 266 1652
3251 455 1907
3412 1541 1260
3505 1343 1048
3818 1622 162
4080 1849 526
4149 1063 989
5406 1003 513
6147 1846 353
1680 333 243
2232 334 462
2459 1014 749
2763 1100 789
3457 1783 487
3496 1127 405
3566 1160 291
3966 1006 650
4140 1802 535
4521 1616 1540
5704 1711 718
5801 1836 1036
6255 1144 752
384 11 95
1072 749 1041
2082 1027 1006
2466 1616 1604
2660 1371 1340
2886 1085 756
5651 1619 527
299 936 978
951 844 1044
1191 955 1253
1903 1389 277
2488 190 36
2554 487 1700
3977 198 1684
4544 609 1437
4797 1983 1253
5071 803 21
5128 271 79
5192 1810 1540
5513 1187 1174
5595 941 1121
5642 1411 142
5842 1182 731
6012 1426 578
241 1927 1684
1127 1763 364
2472 1705 1903
2834 958 1091
3078 1606 1455
3314 1394 388
3316 932 1052
3345 1613 643
3368 1697 1440
5079 579 87
358 821 1299
402 1117 882
709 758 1478
1152 1060 983
2212 1212 1061
2919 1096 1475
3044 1492 499
3551 824 996
3562 1276 352
3609 294 200
3887 1840 1418
4005 219 1836
6122 1955 1151
188 852 945
233 1099 1074
516 932 769
1921 1954 1553
3160 283 1260
4677 176 128
4928 1156 832
5150 1902 147
5587 326 1918
2 1413 384
37 1955 1008
638 431 1077
1063 1683 404
1209 201 254
2262 396 679
3224 313 61
3265 1870 332
3377 1278 258
3676 1528 642
3722 1575 76
3899 1892 1462
4387 506 26
3430 1605 780
3795 1070 352
4500 1029 822
5471 402 103
307 368 884
443 1651 844
737 27 1351
3097 362 319
3709 1844 473
4154 189 240
4208 587 915
4657 1806 1779
5174 1942 1704
5209 809 302
5608 79 667
2096 1639 43
2149 1108 469
3225 934 978
3465 524 1656
3882 642 893
4055 605 231
4591 1412 1482
5101 398 132
5366 1427 1279
5734 245 1873
807 67 1609
1807 1857 365
2760 1961 1601
2947 229 1944
3109 1259 1136
3873 1254 1137
4081 828 1331
4283 1697 1676
5326 541 1241
5461 1064 370
1346 1118 910
1670 493 1557
1891 492 1826
1899 1191 870
1932 619 1323
3397 745 216
4688 1707 451
5024 786 1039
119 798 1001
166 1039 1293
441 1653 1128
444 665 345
2432 1667 559
2696 1105 951
2787 1131 769
3013 767 1149
3840 1216 613
4123 576 1185
4559 796 1275
4745 1114 311
5022 298 1507
5152 849 222
5295 499 606
5814 458 1945
524 300 1568
928 510 1463
2244 1213 204
2409 817 1204
2837 393 111
3336 875 104
3690 1294 1297
4098 1936 1514
4767 686 1161
4929 1690 1337
5324 558 478
5683 1515 958
6203 1842 301
1478 1575 1805
1692 86 1718
1693 552 1575
2289 1881 1840
2544 163 1885
2762 1882 1520
2824 385 210
3426 1660 1379
3555 1270 981
3584 596 346
4095 837 605
5297 506 489
5955 86 1868
387 1536 370
968 1767 538
1845 725 35
2086 666 1461
2242 1361 327
2610 260 216
3363 1053 1103
3576 1864 262
4992 372 1831
5427 776 878
5460 788 1214
5695 955 912
340 739 985
1053 1936 742
3349 1479 519
3800 1422 1081
4501 1671 683
5473 1608 432
6174 1785 1533
6213 817 419
146 1 313
456 1977 1390
1338 1520 1637
1540 1470 982
1945 138 1856
2095 161 1528
2354 439 1069
3120 1704 709
3165 850 1557
3378 268 152
4475 1038 1209
4702 91 39
5486 543 951
25 1513 699
802 1247 354
837 656 777
1125 505 422
1210 1218 1226
1516 385 1803
1651 1521 1844
1711 147 64
3433 1617 1175
3956 1782 1619
4235 1347 308
4308 1763 21
6111 1818 618
555 439 267
729 810 1227
943 1616 936
1222 1841 1268
1884 528 1327
2950 744 759
3214 649 957
4670 1449 1042
4785 754 477
4985 1748 906
5770 1256 821
935 1513 493
980 1174 1335
2816 1764 512
3171 109 1837
4354 1903 237
5889 1741 1952
6253 905 885
600 1365 1134
683 1942 1460
850 865 1251
956 232 191
1294 1718 107
1582 408 288
2020 278 1607
2072 755 1145
2114 1613 1338
4320 1655 336
6105 573 1700
996 242 1485
1596 176 114
2214 1211 1214
2676 1711 938
3822 1770 215
3898 673 84
4353 1554 632
5084 1559 1434
6251 1625 241
1678 1522 38
1752 524 1095
2195 1904 1474
2420 1539 367
2492 334 191
2987 778 179
3285 1375 1269
3727 1496 1584
3924 593 1161
3981 1522 508
5274 387 473
631 1514 438
969 1975 1292
2202 1743 708
2252 272 1904
2699 1136 1421
4200 1722 338
4216 1337 595
4297 1681 908
779 565 1732
840 1270 1007
1017 1912 419
1393 1407 950
3032 1975 1232
3053 708 1526
4910 146 1630
5825 1091 760
5926 1744 629
774 473 1710
796 1929 482
2582 52 48
2817 365 1411
3591 680 93
4405 1653 102
4435 1906 292
4636 1931 543
4892 1898 1533
5356 1074 1077
280 1400 1379
316 1727 1612
1741 1695 798
2235 863 1491
2360 1797 1617
2690 602 1399
3527 1646 343
4486 1839 565
5223 1504 1559
1995 315 228
2642 1338 931
3259 309 1377
5244 1314 1154
5590 1324 182
1722 415 1352
1948 1037 970
2002 274 1956
2330 1737 1304
3713 804 174
3891 1723 1251
4157 1541 536
4318 29 1719
4440 673 88
5221 1368 405
5660 943 1228
597 1238 1239
904 854 1195
1465 1449 639
2821 429 1854
2836 663 39
3860 539 605
4448 601 1149
4917 354 1193
5822 909 872
5917 1789 391
246 1694 1355
483 1448 997
979 223 1325
1089 1844 1496
2248 977 727
2605 1387 814
3187 748 745
3264 1586 557
3644 602 188
4511 502 1198
4768 1359 535
5138 513 1755
5546 708 389
1268 1065 840
1295 618 296
1879 624 1965
3043 873 513
4836 1731 384
987 600 1440
1165 1166 1018
1976 653 479
2759 928 666
3760 1094 1084
3790 1575 214
4711 1282 311
5538 276 1625
977 824 1400
1462 1950 613
2356 142 1704
2453 1290 1251
2612 1599 609
3607 523 444
5157 1012 1131
5871 419 1605
5874 291 211
6131 965 1140
563 1479 1046
1501 1698 1543
2113 1049 1290
2194 1116 788
2278 1010 1161
2450 248 105
2807 771 531
3848 1564 1721
4194 1398 442
4931 414 296
5450 419 1989
214 1365 191
2577 289 284
3319 382 176
4615 1761 1550
5200 1228 964
644 1269 1375
889 1445 778
896 1882 1695
1232 982 137
1405 168 61
2628 269 447
3102 865 767
3965 708 1579
3985 1592 510
3995 1795 116
4560 497 1632
5439 736 63
5928 602 96
6072 722 151
6190 550 1514
507 1088 702
836 788 301
1963 1829 1239
2795 1741 1547
3879 1042 709
3967 730 944
4097 90 94
4793 1793 1347
5107 417 686
5796 493 261
820 567 267
1286 1032 848
1882 170 69
3244 565 1451
3286 1493 1923
4602 241 1577
5468 839 1515
5707 1737 1081
5948 46 273
243 1066 947
377 595 1707
883 332 1867
1296 855 227
1375 1434 469
1865 987 1168
2045 808 7
2327 1912 1690
3071 308 302
3087 870 267
3114 1154 707
3711 1844 35
3990 943 987
4261 666 1289
4503 1589 245
5085 1679 734
5095 639 1409
5136 1181 850
5869 141 1802
711 1504 462
891 599 931
1379 806 1673
1876 1040 568
2079 596 1128
2389 1118 350
3000 1620 1392
3805 690 1030
0 989 912
297 1068 1138
544 1925 452
821 1477 1326
913 1250 805
942 406 60
2867 694 683
3011 1740 1169
3504 1055 968
3621 1056 739
5002 725 302
5130 269 1646
5477 1383 1529
22 1615 377
578 506 1766
1300 325 1299
1705 219 1676
1801 1725 1162
4402 1402 287
4784 1439 1252
5230 112 186
5811 641 1337
5866 1143 940
6055 673 1034
868 1050 707
1025 1029 1349
1510 1061 935
1710 421 1652
2341 956 558
3194 1793 1581
492 1953 394
719 1176 686
1000 1586 1749
1004 1175 725
1243 369 1677
1394 874 889
1739 1584 1548
1842 1243 593
2312 971 1384
2737 58 1985
3135 137 118
3369 1447 487
4010 513 271
4076 1968 787
4406 239 237
4826 1278 744
5210 847 775
684 1615 1396
1094 1654 307
3997 1856 516
5394 295 1887
5767 1431 1465
5980 701 1638
6244 979 616
14 1600 530
54 1483 1075
399 249 1954
522 669 230
1700 355 163
2071 773 1140
2177 159 83
3022 527 1252
3040 331 246
3291 1649 1231
4186 1262 1395
5098 167 1753
6232 1022 594
224 671 1359
1288 853 1736
2286 1734 406
3113 1758 1547
3695 1155 1006
3763 1469 489
3957 1254 1523
4333 236 1968
4466 1027 543
4588 1565 1301
5056 1478 757
5717 109 1782
5983 1021 106
1476 378 228
2662 917 1190
4184 1148 372
5622 1042 601
5907 1671 67
6200 1620 172
50 908 1064
2855 1254 416
2991 1873 435
3144 1107 44
3235 1771 1769
3765 254 1958
4288 1067 943
4337 468 1677
5676 1262 497
5899 442 378
2602 434 26
4323 1577 372
1326 1431 185
1873 558 1278
3201 1301 1006
3645 2 1982
4063 891 808
5104 394 1742
5754 677 104
5908 1856 1527
6045 288 1873
6118 1304 691
15 1021 577
1129 1849 1636
1671 1450 904
1784 1714 1223
2151 967 987
2585 714 171
3139 336 1434
3546 285 1973
4029 1798 836
4737 1619 1242
4923 172 738
5669 1086 1012
5840 1396 1330
186 1994 737
479 907 1166
1241 1071 85
1590 107 242
1688 1632 1466
1915 529 229
2147 66 1835
2171 1610 355
2284 1377 1251
2473 724 473
2489 547 61
2803 761 1022
2865 1274 377
3181 1596 747
3212 78 656
4215 1612 329
4667 1041 435
5805 770 42
204 1580 1814
269 743 533
1390 173 132
2421 1481 1486
3542 1743 112
4633 526 1859
4904 1387 377
5196 128 688
5293 1105 423
5526 331 565
5939 1323 951
1505 127 319
1614 479 1992
2027 953 569
2121 113 1576
3001 1816 1488
3124 174 1052
4000 850 801
4934 252 1995
4974 476 20
5428 193 1890
6000 1758 937
6080 326 384
2689 1367 268
4256 1794 1319
4842 1800 151
5333 1832 1565
5594 1668 330
5744 327 977
85 792 1258
1253 1923 123
1334 1170 391
1340 742 194
2334 1834 1681
3075 1550 712
3098 892 1058
3895 1601 235
4100 1745 1377
4589 124 158
4769 78 1717
5054 1211 669
5677 573 1630
6033 814 786
6234 467 1827
755 438 502
1131 550 9
2843 1733 1336
3829 1235 1296
3941 333 1071
4540 1212 411
5064 1926 391
5562 36 130
5900 1214 320
1895 527 1286
2093 392 239
2127 1421 1335
3086 1151 537
3640 149 1827
3734 329 1294
4301 293 73
4613 1356 1183
5275 208 676
5389 954 1211
5816 732 1630
5875 1389 1132
6010 766 240
6088 1846 417
6216 330 68
168 351 1699
423 667 174
2028 917 1288
2253 1193 256
2778 649 35
4139 776 1059
4199 1026 58
5374 786 479
5756 1509 1201
49 1387 212
653 1861 338
749 1832 1571
838 985 894
1987 268 1969
2124 730 1517
2530 533 1621
2592 399 1894
2639 1576 946
3182 1704 27
3186 1092 1016
4347 667 869
6063 1840 770
6246 1896 464
200 1172 516
680 1737 1249
1052 1499 606
1057 73 1766
1148 1615 500
1279 1113 783
1668 1193 1076
2368 1855 808
3910 1314 710
4723 1028 560
4808 1087 944
5467 1551 943
5844 1707 317
5909 598 1981
6081 1582 1624
1896 1781 165
1983 1492 1194
2029 99 313
2564 664 1065
2992 1036 175
3356 1903 1513
3693 768 1590
5312 255 577
1282 1403 499
1580 1427 927
2376 1421 576
2523 1391 1129
3503 256 1632
3680 439 1599
4129 1437 331
5282 285 1428
5495 1883 422
708 987 601
1065 400 265
1555 1931 949
1679 507 1420
2349 636 881
2414 992 1254
2960 1876 1573
3512 1022 1389
3665 214 223
4202 254 1914
4519 574 18
4811 1534 15
5773 569 180
2729 1449 247
2893 1538 955
3681 476 496
3781 364 1593
5408 1546 630
5492 1578 90
5698 1753 1559
5730 1664 744
5849 476 261
6024 1576 667
127 619 567
320 1846 98
660 1507 31
1608 401 1956
2009 1268 976
3670 1031 166
4275 877 868
5249 855 652
5415 128 1759
5452 1575 1110
907 1533 561
1056 665 693
1649 612 196
3404 1594 273
3518 1295 698
3764 1802 1180
4927 1311 1151
5443 1194 46
5621 724 876
5688 1920 1262
6198 431 68
940 362 252
1032 1420 597
1487 386 1791
1860 1515 186
2502 1704 57
2812 1815 1629
2983 1516 267
3210 344 1689
4053 301 367
4151 1939 914
4755 1490 468
5074 1369 313
5103 746 1701
5502 1141 1110
5927 1458 390
407 517 443
1382 1771 749
1434 78 1948
1490 1868 1209
2041 1020 1660
3838 1840 1285
4104 866 755
4282 1404 1108
4700 749 1008
4908 1373 13
1795 447 68
2594 1357 220
3130 1503 501
3142 1304 1342
3357 481 238
3929 317 1897
4652 277 185
5511 1589 1366
5570 1652 311
5703 873 386
6182 370 1701
6204 584 1794
110 573 255
2328 739 864
2337 520 113
2436 316 1907
2780 1522 435
3327 1136 995
3449 1504 1230
3474 499 1567
3553 592 1337
3832 1765 1775
4429 1122 795
5655 1038 543
139 821 905
2077 1737 410
2655 1394 1319
2720 1033 984
3432 468 244
3886 1985 255
4229 913 867
5573 304 1614
5783 556 611
6041 881 1040
6112 1862 1032
176 215 209
379 500 158
533 1236 1173
1283 1236 451
1817 1374 1224
2026 57 228
2295 769 1593
2406 987 1415
2557 1466 1277
2775 191 1843
3384 1764 600
3932 407 169
4155 1465 927
4340 646 288
4979 496 166
5199 1047 1705
62 492 231
346 331 983
588 1703 1635
740 1061 983
1605 1596 967
2128 299 46
3110 1916 1587
4038 1166 742
4483 249 518
5605 738 259
5960 1037 1261
6052 853 759
6225 1180 1146
6250 1524 1241
2234 1895 1974
3057 574 1082
3306 1824 1932
3724 615 742
3769 373 1894
4694 1950 16
4968 19 1743
5256 1796 1494
5631 1721 1559
5998 1061 721
2293 1802 1413
2911 1489 1665
3301 867 898
4071 1017 854
4830 1779 1181
5305 32 1693
5549 155 1887
324 1499 897
489 618 1009
1615 940 143
2192 1701 1217
2385 1283 1017
5578 447 1231
5612 463 97
33 1506 673
345 216 1679
562 562 1417
1943 517 1314
2065 475 1164
2120 660 931
2712 483 272
4576 514 1233
5994 1372 1101
702 1157 1172
1047 1644 466
1106 1667 1478
2988 466 1922
3074 648 1745
3289 1270 1222
4069 1165 1001
4397 1661 413
5572 1587 361
2748 909 260
3052 669 1225
3419 579 859
4172 1272 704
4214 495 1923
4309 1448 682
4709 552 845
4835 367 1928
5359 153 1740
876 1880 366
1196 779 1203
3164 1845 743
3360 1672 1540
211 559 515
596 275 1977
1239 1283 742
1798 1899 161
2183 286 145
2351 268 1942
2497 643 126
2671 1741 1619
4882 1438 502
4883 677 813
5160 1517 445
5607 1316 123
5674 778 927
5896 222 1670
2220 1654 621
2367 846 1054
2596 1925 914
3156 1799 1992
3509 567 331
6004 1660 1043
6030 1706 852
157 675 611
282 1420 799
738 370 49
2558 218 1962
2910 1745 1588
3189 387 159
4022 1837 393
4357 413 1958
4513 1273 772
4597 1342 616
5007 1204 919
5214 470 1873
126 1508 756
495 392 1209
1287 600 1717
1352 391 1162
1953 1897 90
2394 1134 605
2435 1827 202
3937 1217 956
5635 1459 1110
23 1236 1041
1198 243 1609
2104 1505 1179
2781 1314 1384
5178 1839 31
5670 1748 393
5930 1302 587
6008 949 1253
371 196 141
1366 69 1535
1594 1366 672
2230 503 342
2576 430 207
2914 1104 662
2969 219 1596
3046 1681 927
3302 861 417
5603 1861 1906
6057 673 168
530 1430 1241
2884 839 1395
3559 1097 954
4265 1172 725
4389 481 15
4687 1671 1538
4841 622 1283
288 1596 963
1637 1024 1359
1744 1603 1856
2176 1935 1563
2957 1061 1022
4625 223 153
5260 1898 939
5848 1295 789
1307 341 88
1875 1027 1146
1944 1069 962
2508 1835 1563
3485 1442 940
4756 870 1083
4939 327 1852
5701 277 1712
6138 1262 785
55 155 1489
614 996 684
1920 1868 1303
2016 808 1236
2205 517 39
2431 1443 731
3523 647 1440
4814 710 107
4996 359 1671
5850 1633 517
5918 996 1175
6006 1438 895
2666 339 1929
2873 1846 646
3082 35 1902
3909 1806 891
5946 347 348
629 866 375
1397 1416 885
2283 731 807
2993 1987 1009
4523 1268 1203
4715 298 1864
5565 1645 1350
13 1053 945
759 1285 1387
1769 1993 313
1946 108 92
1993 1904 1887
2686 1620 1164
3635 331 141
4116 1789 1551
4246 734 1427
4529 1795 142
4627 1539 173
4954 491 83
5238 868 1313
5512 440 42
5925 1952 415
310 1146 1375
1064 1041 1081
3428 479 1998
3639 1412 622
3785 388 1192
4004 660 1320
4245 1826 1794
5524 1400 1013
570 257 1870
2054 219 317
2442 125 1878
3243 906 1334
4001 1186 557
6090 1591 1587
1701 1051 1122
1808 759 753
2764 292 672
2861 1742 1254
2953 1156 867
2989 884 1302
3266 62 1915
3297 247 292
3407 1062 845
5657 484 1886
129 1789 537
309 904 250
864 1086 841
884 719 1428
1108 1675 176
3155 399 444
3783 786 1135
4278 619 1431
5153 428 1740
92 1230 745
776 548 1210
1271 854 932
1337 1291 40
1796 1676 1634
2331 549 1082
2590 1204 812
2831 1320 759
3158 147 1958
4539 735 1024
5653 616 696
5958 1931 529
205 777 1334
219 1681 1376
944 356 157
1460 112 1801
2540 673 847
2822 1295 1006
3799 1082 1035
3945 323 592
3947 1230 1055
4011 374 1794
4119 464 1168
4583 1450 1148
4682 1986 1458
6046 1044 1141
150 1633 1670
338 307 120
356 427 1550
2416 1817 1503
2499 1969 1146
3971 255 1806
5077 1237 627
5421 1215 1054
5885 1149 750
6158 557 1422
397 914 496
519 401 285
1632 1352 778
2134 362 71
6036 478 157
40 1663 760
641 1059 166
930 1236 1062
1316 1463 320
1324 1656 673
1691 634 1839
2158 182 382
2514 1905 1747
2574 1302 1192
3288 344 1656
4601 1799 768
4650 1744 26
4790 788 1493
6015 500 1737
694 1097 281
1107 1273 934
1474 860 303
3015 1036 804
4090 1792 859
4181 242 98
5399 231 1273
5484 1106 1093
697 688 931
875 1537 1468
1713 1133 1459
1991 288 1583
2240 639 920
2267 392 440
2274 170 1430
2463 1466 359
4453 1220 1063
4502 116 238
1482 1541 981
1942 1171 1233
2110 232 1797
2271 1352 1255
3868 713 300
4059 686 605
4106 1243 939
4132 1711 464
5092 1483 1617
5184 1482 1476
5403 1134 603
579 271 1857
1373 14 137
1854 593 1770
1867 957 622
2006 440 1510
2101 643 1025
2444 1527 1411
2956 891 803
3064 718 794
3119 626 1061
3520 138 1918
3684 1736 427
4352 1755 252
4684 1631 197
4932 1406 1088
5218 120 1706
5350 1283 570
5510 1173 474
506 579 73
859 832 899
936 653 1193
1698 297 1421
1980 1575 312
4276 36 1629
4666 1840 375
5121 1789 1748
5233 983 1228
5337 1104 1528
5718 1571 1316
178 1333 811
514 771 1398
577 982 106
898 1252 909
1189 307 1146
1493 768 1275
1498 744 885
1520 967 973
2603 531 1355
3034 830 636
3129 1412 153
3337 797 1366
3999 1276 1356
5009 881 301
6096 158 1444
6108 1834 1446
6143 283 927
1513 359 457
1950 1034 571
2823 1708 334
3084 428 1768
3257 154 478
4366 1930 1604
4460 843 817
5857 862 782
1343 1403 1030
1791 532 214
2899 307 228
3179 1592 1921
3845 400 1264
16 470 1343
57 1486 607
1080 1742 333
2119 1225 806
3732 1018 438
5126 1469 823
5151 354 332
5290 1820 518
5416 1105 996
36 988 1072
630 849 194
1230 380 1558
1479 634 1748
1573 1470 7
1864 1830 1584
2916 1911 1887
3215 1987 1071
3296 433 1684
3596 1777 88
5163 80 1993
6136 1716 1868
6137 175 169
424 880 454
1304 586 296
1503 1312 1189
2051 845 1196
2417 682 1079
2623 1283 827
3090 848 321
3578 1667 1454
3633 1140 1037
4349 1528 1624
4505 195 301
5053 1085 1013
1051 1525 1240
1216 1772 1469
1313 1869 1969
1380 1407 412
2215 1021 1379
2372 1829 1020
2876 1854 1783
3042 598 1425
3487 568 182
4382 50 1905
5003 1383 669
5383 1222 941
5505 1041 1086
5694 1345 312
6064 951 1282
1336 1629 351
1648 1091 761
2106 1373 598
2736 1900 1670
3168 1356 1262
1005 1082 696
1009 1079 762
1110 1400 1689
1547 1269 1090
2281 500 1970
3605 1812 1713
4250 727 263
5687 193 1753
20 840 841
111 1700 418
1328 1555 1405
1574 469 1199
1970 1077 1101
2746 126 240
3786 1567 1710
4999 385 198
5398 1490 606
5482 1568 1494
863 1535 478
1532 683 1097
2874 1791 1591
2900 996 730
3024 35 1923
3095 1757 979
3603 438 1199
5426 963 1071
5518 793 1286
5940 1601 1205
5957 883 1472
6240 996 1229
671 1419 759
1088 1114 1130
1914 1154 956
2107 353 427
2159 403 1699
3263 1743 652
3748 1994 1459
5861 1132 853
5882 1455 978
5898 1618 780
75 1762 1822
333 549 1681
1592 1969 768
1931 1615 1334
3533 1888 516
3538 1943 1420
3581 1821 412
5197 1527 56
5576 1073 948
5628 723 1282
5799 139 1741
1227 1395 131
3012 1333 486
3115 674 627
3175 1205 1110
3290 697 1131
4469 1536 188
6254 1718 1575
551 1885 643
815 1199 571
1102 1321 968
3863 545 614
4130 300 1751
4238 373 227
5563 471 1716
1240 587 1547
2167 1404 190
3410 1121 947
5556 1781 601
6042 1185 1294
6076 963 1079
93 1930 293
1113 308 1403
1485 232 1966
2329 703 328
2401 139 1647
3318 1546 338
3469 1491 1237
3537 418 1382
5168 1415 804
5259 1442 278
5602 126 1848
5987 1271 1459
6184 1000 1304
6195 1051 1034
58 380 1971
255 152 1656
1440 692 1287
2090 248 1657
2374 150 1760
4087 1536 325
4401 1098 905
4867 1867 1769
5914 1724 1094
383 1354 1204
451 395 1430
1133 354 1631
1228 1906 1806
1828 258 1997
2201 1997 178
2482 617 97
2928 1166 1310
3403 1428 1178
3507 775 834
3853 564 1478
4252 1746 6
4364 1049 721
4703 568 1639
4812 1957 1331
5300 1521 1332
5453 845 1631
5672 148 1664
6043 235 335
334 1277 456
866 636 1127
1175 1842 1585
1777 1934 1221
2350 1563 629
2713 1913 188
2771 1647 273
3213 844 606
3890 1250 695
5049 1837 113
1244 1883 1372
3267 994 914
3974 1441 1743
4464 1547 206
5039 1753 1130
6133 1415 1593
6223 115 1525
467 542 1974
2673 1537 652
2862 1890 1789
3506 772 180
4507 736 667
5536 1057 1153
5686 1500 1875
5689 804 977
76 1399 1299
2546 1358 957
