101
8950 5590 1490
9293 2836 1500
1965 646 3125
6145 2721 2957
10976 4038 3116
25112 1883 4172
27996 4236 4232
31180 2972 4256
1815 3272 5124
8367 1567 3943
10442 4590 3563
11031 3735 3415
11625 2789 3383
13946 3942 4733
21769 1364 3240
25974 417 385
31247 2040 4945
31774 1399 5764
32461 348 4351
332 2518 4996
2349 5875 333
9159 77 496
10361 3302 3862
11585 3323 3382
15683 1889 3344
16970 2914 827
19183 3119 3031
22765 5664 942
4115 3392 2260
6650 3595 144
9316 4311 3754
9614 2599 3364
15139 4493 615
15379 5556 508
24131 1445 4527
24530 294 348
5720 4384 2443
10234 3531 2551
11919 515 799
12757 1383 199
16381 291 837
17565 1415 4033
20660 513 2995
21926 13 481
22887 737 3672
23144 4300 4547
26689 2488 3227
28051 4474 3518
29536 3565 4225
30079 2680 804
32054 2232 652
321 3078 2959
4445 2714 4234
7009 3057 4308
13578 3783 4290
15287 1600 2700
15742 2541 4254
18401 3954 4059
24521 1446 4036
27411 3967 2364
7 3772 2037
95 5869 1074
1049 1056 3435
2539 3711 2432
4627 3008 3057
7549 2273 4256
10109 3201 3852
17862 1368 4531
17952 2555 4271
19095 2204 4628
20305 2524 3405
21623 2356 2666
22148 2528 234
23077 2125 5081
25841 3706 2341
29810 1689 5146
29984 2223 3418
4843 4114 4143
7420 4981 2796
13299 2151 2843
16307 2966 3416
17251 2334 497
17692 3733 2687
19924 2525 930
23277 4061 3665
27925 3425 3446
31313 4632 980
10695 1809 359
12597 1683 1175
12747 4293 2925
18686 2582 4006
18799 4150 2316
19675 85 724
20658 3637 4119
25032 1701 4307
2982 3246 3371
6857 3643 4790
8816 2770 2788
10854 2005 5742
11760 5675 277
13050 2082 4690
