2501
1 107 395
688 215 149
1779 391 547
2570 318 131
4883 481 440
5595 24 594
5885 172 208
6911 518 122
7704 343 146
9046 307 216
9983 428 262
10762 31 78
10967 134 163
11807 384 355
12217 575 350
12288 292 519
13648 23 67
16378 135 275
16819 415 172
16838 462 561
18944 192 545
19658 311 531
21055 449 62
21553 251 247
21767 213 126
22548 177 528
23491 322 444
24359 69 383
26034 273 232
28045 237 579
29325 145 364
30113 402 166
31506 404 459
31544 551 537
34493 244 590
35012 181 271
35020 154 598
35021 572 205
35534 494 41
35832 353 461
37267 576 28
37937 493 465
38115 266 523
40719 144 99
42240 588 344
44310 415 405
45217 521 189
45948 214 423
46564 197 244
49928 523 345
52552 513 304
52632 355 571
54108 116 419
54869 232 132
55160 387 158
55209 509 94
55904 437 482
56656 256 404
57385 65 357
57729 84 417
58723 573 261
50 123 17
732 212 593
749 71 349
1700 349 574
2054 3 331
2216 512 448
2660 527 310
2899 312 429
3190 245 195
3629 591 250
3971 482 431
5436 293 240
5527 336 132
5789 553 157
5897 230 512
6154 585 353
6267 108 221
6708 443 249
7054 88 79
8417 43 87
8436 95 48
9121 143 480
9335 368 556
9485 174 454
9609 295 466
9611 548 284
10139 188 7
10205 467 77
10428 485 173
10753 287 43
10905 539 531
11510 43 301
12167 133 567
12721 456 419
13200 8 460
13336 481 495
14392 37 559
14627 399 477
15578 223 501
16247 514 171
17321 377 361
17360 212 352
18676 586 442
18691 94 131
19413 182 401
19859 203 240
20656 224 64
21483 64 218
21728 567 410
22036 28 312
22258 297 464
22438 61 176
22646 266 405
23185 4 53
23220 46 218
23418 180 483
24840 305 434
24884 464 453
25569 509 344
26221 60 460
26980 577 550
27623 72 136
28053 381 19
29047 182 486
29790 331 30
30210 439 50
31978 591 127
33332 487 389
33542 577 476
33583 52 408
34209 48 332
34799 12 543
35294 273 441
35409 441 440
36499 507 86
36793 304 58
37583 142 182
38378 382 357
38392 292 66
38430 128 27
38578 574 305
39342 86 406
39348 540 157
40289 410 207
40394 300 241
40472 139 144
40698 19 507
40861 288 437
42654 110 197
42772 496 112
42815 597 91
43396 321 365
43479 296 216
44568 238 500
45959 548 85
46372 89 335
46587 27 128
47252 415 419
47446 471 27
49038 525 171
49100 124 347
49298 377 415
49477 354 156
49624 499 399
49920 27 589
49935 542 166
50552 84 209
51073 272 60
51640 362 483
52442 200 173
52488 48 266
52920 26 394
53363 468 310
53691 270 323
54000 262 472
55434 370 63
55574 404 454
57556 112 43
57761 341 84
58597 110 382
59248 409 11
896 30 357
1109 333 186
1179 480 90
1788 432 386
1832 541 321
3532 23 217
3889 418 138
5895 122 273
6179 561 147
7193 430 81
7262 176 262
7549 371 301
8828 168 558
9348 224 196
9867 104 458
10038 75 499
10389 355 7
10942 161 531
11015 520 60
11126 520 485
12317 44 202
12491 201 151
14230 71 62
14521 21 202
14602 562 478
15045 377 267
15950 201 348
16077 414 195
18086 595 165
18883 210 110
19024 329 68
19661 60 174
20144 547 445
20370 590 46
20552 2 498
20599 429 361
20919 219 88
20994 4 261
21046 160 558
21364 537 192
21983 262 438
22060 197 465
22078 247 466
22204 363 369
22292 398 521
22313 179 233
22864 578 500
23384 267 189
23666 157 386
25430 273 260
25846 82 106
26000 452 380
26622 107 256
26845 140 274
27349 531 37
27436 316 234
27607 581 184
28166 306 369
28378 90 341
29106 480 321
29652 374 486
29690 559 4
31368 103 57
32110 27 286
32429 245 35
32951 16 282
33102 299 273
33533 11 189
33679 268 162
34023 278 179
34054 391 78
34309 130 51
36303 293 112
37161 295 249
38573 345 330
38712 352 145
39049 192 537
39717 530 309
39902 258 424
40162 473 242
40452 214 221
40665 186 242
40815 5 6
41111 187 437
41175 244 122
41909 124 581
42215 466 431
43646 24 409
45083 17 29
45252 397 574
45608 76 534
46022 428 552
46049 204 549
46419 26 517
46999 155 235
47223 225 385
47907 369 239
47953 200 273
48168 267 257
48235 289 498
48888 112 180
49127 198 80
49451 565 310
49494 544 24
50090 544 329
50184 469 217
51771 180 148
52337 539 555
52865 77 343
53587 344 104
54738 460 31
54944 62 543
55258 489 171
55616 291 564
55841 531 594
56101 185 32
57108 226 596
57520 550 311
57784 336 535
58204 540 491
58280 126 234
58614 426 485
58713 317 437
58773 108 220
58879 503 36
59434 279 254
59505 556 593
59932 434 112
316 423 588
639 186 525
662 376 224
1610 310 353
1813 404 446
1983 129 71
2111 399 284
2942 422 196
3191 482 36
3335 299 120
3592 2 403
4184 586 584
4749 525 73
5256 445 531
5816 588 217
5935 466 434
6021 419 392
6072 468 349
6099 553 474
6157 222 316
6790 122 19
7180 242 448
7390 464 416
7465 253 123
7581 276 307
8012 185 590
8658 269 0
9006 302 151
9056 246 330
9119 53 26
9900 79 412
10302 291 158
12002 295 305
12258 246 78
13086 556 455
13410 351 518
13531 577 268
13927 137 416
14629 210 121
15249 31 556
16850 23 321
17730 99 35
18716 143 117
19062 496 320
19452 164 268
20134 105 220
20147 514 3
20529 559 117
21345 557 179
22152 397 542
22540 196 5
22844 21 67
23286 163 415
23439 563 48
23925 598 511
24164 173 496
24606 378 113
24832 435 331
25051 50 86
25269 133 492
25711 298 246
25751 489 400
26229 216 412
27159 9 589
27422 453 49
27624 545 135
27912 480 188
28220 164 277
29037 215 435
29170 84 475
29853 54 106
30262 590 175
30408 359 386
30608 159 523
32172 313 404
33589 448 27
35318 505 253
36213 75 305
36326 274 513
36609 535 464
37694 492 569
39997 139 29
41445 106 195
41788 581 109
41837 525 547
42245 475 1
42536 502 81
42920 574 366
43433 333 528
44043 255 589
44340 317 152
45109 82 527
45923 338 491
47052 118 214
47256 396 514
47708 186 263
48764 313 335
48923 54 320
49016 208 379
49240 39 337
49909 357 497
50296 515 435
50404 443 90
50647 14 361
50702 474 111
51380 355 228
51756 544 98
52627 369 455
54498 82 62
54531 374 341
55260 389 544
55276 28 426
55317 439 319
55318 86 265
55479 261 192
55803 356 34
56845 86 325
56879 430 454
57466 370 216
57704 355 119
58290 574 0
58399 244 235
59104 410 492
59347 167 262
59765 103 308
195 104 62
517 522 65
1200 389 77
1511 203 350
2567 361 148
3117 145 305
3236 256 396
3980 178 524
4516 60 173
4856 332 455
5103 388 315
5363 312 292
6760 118 358
7411 343 132
7615 451 347
7734 438 346
7930 275 423
7996 183 517
8612 517 590
8798 181 454
9444 399 291
9818 276 83
9890 264 90
10045 42 44
10263 161 320
10593 556 538
10917 102 213
11183 505 487
11373 267 16
11715 357 84
11731 412 435
12031 169 39
13114 128 481
13387 595 392
13795 339 448
13967 290 426
14248 369 586
14335 478 1
14579 352 538
14719 214 144
15296 551 367
15909 249 217
16012 120 163
16109 271 431
16718 86 79
17071 237 599
17485 159 244
17937 53 170
18344 235 510
18385 554 133
19052 222 395
21021 532 122
22314 410 309
22903 595 377
23646 446 322
23733 549 26
25050 585 357
25517 350 409
25617 95 64
26566 301 509
27091 383 496
27173 322 9
27617 485 182
28028 389 509
28814 582 545
28918 590 127
29666 213 459
29871 376 94
30272 339 175
30389 88 12
30902 91 324
31565 265 151
32205 1 205
32729 247 249
34926 296 92
35536 417 188
36418 425 151
36423 285 430
37562 293 87
37819 21 390
38056 46 339
39522 50 181
39736 123 80
40041 439 454
40522 523 312
40631 413 131
41290 14 67
42603 6 3
43226 95 218
43493 563 128
44899 50 218
44984 112 418
45270 530 224
45340 344 553
45624 560 362
46932 455 306
47023 450 329
47105 411 60
47594 260 238
47938 74 540
48626 454 589
48875 433 301
50978 322 120
51072 586 47
51478 132 235
52076 118 57
52683 235 253
52850 570 150
52943 484 63
53441 334 593
53793 414 251
54238 587 335
54384 289 390
55158 413 495
55621 561 557
58048 502 410
58058 153 471
58962 3 62
59161 109 254
59464 52 116
59585 317 587
185 195 27
212 547 403
255 275 505
1950 293 533
3770 533 284
4331 380 579
4805 568 13
4843 98 541
5555 178 98
5863 505 482
6547 56 89
6905 366 474
7012 10 359
7121 58 402
7179 329 325
7289 79 452
7887 564 518
8394 325 130
9099 127 405
9656 491 436
9865 362 547
10311 526 440
10370 509 246
12238 271 408
13392 469 261
14333 517 419
14645 541 430
15245 72 530
15269 538 2
16191 536 331
16615 398 224
17058 154 483
17168 198 427
17274 307 486
17802 337 571
18226 471 525
18614 529 132
19683 383 296
20426 304 252
20643 481 63
21201 154 167
21701 105 363
22055 325 137
22513 119 56
22557 19 247
22733 204 280
23980 45 589
24397 170 239
24910 242 590
25634 62 229
27011 84 223
27112 151 156
28043 258 269
29549 419 502
30369 232 461
30684 270 478
31245 91 386
31259 260 402
31289 181 35
32361 120 213
32536 69 412
32797 4 171
33011 154 306
33490 503 214
33845 57 45
34284 372 396
35416 565 303
35631 313 110
35781 38 137
36309 486 340
36319 76 507
37458 395 66
37917 542 35
38350 593 112
40144 27 333
41580 378 446
41929 596 447
42300 213 65
42508 24 289
43116 43 435
43299 46 60
43390 358 417
43662 574 454
44406 360 136
44987 385 77
45502 238 10
45776 2 433
46149 6 256
46785 561 177
47278 369 575
49024 164 372
49744 103 235
50290 328 328
50333 165 80
50767 189 409
51377 218 104
51448 419 283
52326 394 83
52580 573 506
52849 320 338
53685 580 65
53731 498 99
53975 363 592
54100 348 235
54764 403 243
55741 399 30
56663 329 112
57693 286 378
57694 350 505
57984 447 77
58104 249 404
58234 449 196
58428 109 226
58789 46 486
58920 509 239
58996 518 496
59352 19 154
59810 435 433
1433 79 251
2456 487 529
2539 270 357
2860 185 392
3340 199 85
3461 158 565
3638 456 179
4012 583 121
4462 38 285
5200 237 376
6233 15 73
6304 107 503
6377 110 220
7762 232 496
8097 236 25
8307 174 579
10325 568 166
10871 198 62
11221 50 417
11339 291 183
11442 414 378
11653 533 222
11667 134 500
11693 376 176
12434 393 528
12529 491 495
12598 231 18
13377 153 560
13471 245 251
13491 518 411
13993 440 70
14197 239 492
14791 109 109
14926 208 346
14991 292 499
15234 60 209
15407 487 271
16381 413 192
16558 411 97
16706 266 333
17038 546 171
19217 595 503
20409 517 319
21083 284 595
21919 159 138
22724 396 335
23032 387 362
24415 574 111
24784 341 335
25586 409 44
25926 429 18
26789 590 458
27412 215 146
27537 171 354
27989 501 8
27995 541 381
28149 536 467
29556 458 149
30415 264 95
30560 139 461
31150 149 522
31308 284 6
32121 287 229
32136 163 388
32768 313 48
32823 8 271
33476 79 300
33657 33 310
33811 7 472
33883 589 256
34046 242 102
34454 243 122
34950 337 42
35379 322 280
36252 498 32
36876 255 142
37088 100 379
37418 518 473
37486 392 170
37775 291 119
37877 208 319
38637 343 310
39661 487 418
39807 515 516
39823 551 18
40412 214 264
41648 345 547
42145 251 483
43383 192 210
43899 155 358
43973 230 354
44292 496 504
44563 146 462
44565 544 499
44648 501 110
44995 315 321
45514 387 45
45555 246 580
47421 5 289
48181 135 190
48335 230 563
48606 105 371
48733 294 24
48809 494 181
48837 4 173
49495 341 396
50343 401 51
50481 316 168
50712 529 38
51743 428 268
51953 11 465
52211 491 303
52630 180 195
53310 181 399
53618 560 560
54592 200 151
54655 296 169
54891 553 62
54954 479 590
55608 258 10
56140 523 280
57236 473 478
58575 388 311
58802 341 535
58931 254 323
59017 513 122
59536 279 572
59636 40 580
2197 476 586
2376 501 343
3374 199 509
3848 49 565
4249 99 149
4348 530 331
4439 333 451
4697 411 101
4915 14 171
5023 486 6
5034 440 156
5672 96 16
6714 165 204
6756 250 196
7057 324 72
7142 127 137
7360 561 572
7486 53 280
8197 22 1
8205 49 407
8557 580 150
8857 131 528
9073 571 110
9412 391 130
10603 516 9
10862 177 143
11293 592 271
11822 159 26
12556 58 253
13063 484 253
13457 98 589
15139 172 117
15159 245 147
15422 140 325
15829 519 132
16260 452 480
16468 508 566
16666 175 338
16876 429 435
16878 508 2
18102 78 41
18336 201 553
18527 335 29
18788 557 441
19380 484 103
19762 226 200
19837 314 546
20402 471 480
20680 523 526
20730 338 517
20780 349 337
21122 504 73
21926 27 237
22484 316 506
23525 280 259
23587 81 129
23594 20 375
24011 484 369
24210 326 121
25234 393 226
25332 558 510
25463 103 325
26662 424 104
26896 297 408
27191 585 311
27364 448 97
28776 24 365
28973 440 418
29502 427 498
30665 50 149
30947 242 90
31153 350 486
31550 530 325
31933 426 487
32029 25 100
32288 42 82
33193 374 184
33199 180 575
33294 321 17
33642 130 79
33715 105 34
34069 353 389
34239 340 419
34342 302 192
35852 158 503
36742 58 467
37147 487 358
37466 373 370
37478 183 343
37526 597 176
37674 242 427
38624 251 124
39521 26 89
39886 482 264
40931 181 512
41178 239 83
41727 21 594
43450 479 59
44454 151 312
44834 307 447
44843 44 298
45200 289 441
48172 272 328
48936 331 515
48952 311 554
49845 283 126
49895 564 267
51383 320 309
51629 106 243
52989 503 468
55769 521 42
55922 130 466
55938 108 29
56059 414 419
56545 444 87
58106 306 289
58130 20 300
59003 478 544
59246 9 452
59634 460 405
59659 188 426
67 27 203
605 393 552
613 452 393
829 222 109
831 375 71
2056 440 237
2336 533 462
3188 434 404
5409 185 353
5490 340 197
5624 153 581
5665 181 179
5723 131 471
5911 165 158
6682 302 77
6882 306 392
7010 529 453
8018 544 387
8239 1 432
8370 526 518
8564 137 455
8637 419 273
8841 96 445
9024 535 151
9416 1 526
10179 363 134
10543 361 9
11320 320 409
13406 220 438
15330 86 82
15658 15 51
15869 137 529
18287 478 513
19166 238 234
19569 127 302
19769 353 459
20391 344 577
21571 387 16
23030 230 386
23057 125 561
23319 142 417
23727 427 532
23960 330 100
24788 158 45
24790 156 308
25283 528 592
26965 346 276
27442 104 123
28034 6 370
28963 51 190
30125 58 236
31037 536 171
31132 392 252
31891 308 364
31984 578 338
32117 369 509
32123 151 549
32455 190 91
34340 276 570
36147 542 411
36449 19 436
37306 380 250
37733 522 458
39212 59 20
39363 118 116
39664 279 481
39887 477 210
40653 262 114
43210 318 31
43436 118 302
43991 36 168
44551 260 17
45056 170 423
45131 259 487
45548 114 64
45564 439 547
46139 428 337
46575 443 330
46958 353 111
48236 235 439
48382 581 77
49261 537 188
49289 254 59
49483 85 22
49506 277 523
50680 269 45
50886 266 201
51326 398 291
53180 303 351
53405 430 339
53748 181 351
53913 373 519
54401 359 456
54518 93 196
56099 190 449
56864 33 513
57225 25 584
57540 244 490
57616 166 462
58008 318 361
58419 218 262
58689 0 492
59038 551 458
59237 48 112
59256 288 165
59298 545 188
59706 97 162
59883 318 304
59992 8 233
2 599 532
163 278 198
414 186 430
756 5 349
2030 438 261
2464 361 144
2497 365 138
3506 112 249
3679 474 148
3760 25 595
5419 565 48
10473 469 256
11299 111 122
11918 74 508
12185 19 572
13586 298 450
13822 231 237
14840 70 288
15037 520 32
15357 548 166
15630 308 48
15632 564 287
15671 241 485
16722 365 454
16771 505 249
17018 530 12
17063 457 442
17546 163 24
17720 426 226
17929 421 537
18140 327 476
18391 49 93
19138 568 495
19175 48 200
20459 507 398
20860 92 96
21246 52 42
21445 167 357
22306 450 238
22958 484 184
23962 40 93
24045 305 275
24063 176 72
24212 391 220
24325 150 229
24533 116 384
25207 260 484
25230 31 591
25618 516 348
27414 544 182
27557 186 490
27809 502 479
28170 235 73
29050 466 332
29201 382 543
29224 81 172
29507 313 24
30581 206 530
31437 381 413
32538 584 500
33178 70 203
33225 149 89
33529 41 45
33992 547 595
35820 436 476
36058 34 297
36305 252 174
37046 47 126
37116 39 438
37258 227 552
37695 258 246
37931 284 158
38097 51 437
38205 471 475
38256 42 304
38289 208 102
39215 548 48
40501 230 590
40577 233 53
40725 458 86
43619 120 411
43726 190 309
44010 47 410
44065 460 271
44518 114 574
44810 509 284
45380 472 435
45398 221 561
45617 87 234
46192 324 220
47283 511 288
47309 465 309
48116 123 527
48640 65 232
48712 169 29
48905 557 219
49401 364 430
49440 62 274
50258 454 400
50344 233 18
50917 265 69
51165 120 174
51606 7 478
53274 345 377
54417 11 115
54817 80 523
55595 37 455
55997 137 102
57365 153 371
58131 22 208
58852 367 70
58857 442 105
59541 108 341
986 302 292
1604 78 358
1685 581 380
1875 38 360
2361 497 513
2571 314 508
2807 72 25
2892 558 223
2989 55 277
3718 571 385
4630 277 469
5234 106 230
5474 293 467
5618 113 329
5746 328 494
6885 184 422
7892 245 561
8826 325 489
9087 191 441
10307 588 438
10769 446 201
10931 466 62
11050 525 534
11168 560 350
12533 129 200
12562 353 252
13324 372 175
13704 55 207
13710 313 338
13989 278 282
14216 186 358
15816 193 168
16449 58 563
17001 307 196
17845 225 463
17946 30 305
18387 367 227
18415 502 153
18443 441 381
18763 265 66
18767 312 482
20726 518 314
20886 161 476
20987 259 255
22041 512 587
22252 400 173
22629 124 85
22866 578 554
22897 405 511
23010 560 416
23026 364 278
23117 314 79
23529 199 45
23812 350 80
23856 411 69
24013 282 174
24328 415 583
24741 296 259
25769 549 127
27429 312 453
27788 280 385
28427 300 128
28998 550 562
29318 398 290
29998 59 364
30276 171 53
31838 502 364
32397 91 595
33198 426 190
33978 200 36
34207 570 285
34225 581 233
34494 581 463
34684 458 92
35211 402 420
36073 355 286
36091 71 353
36393 315 10
36521 39 430
36774 573 78
36834 139 573
38308 402 84
39089 410 14
39544 177 290
39986 146 572
40166 96 433
40684 306 136
41446 236 527
42468 207 450
42996 334 86
43321 347 358
43865 529 123
44123 3 308
44443 4 304
44627 343 143
44839 452 451
45491 374 281
45550 129 228
46080 311 150
46196 451 87
46399 2 317
46741 321 409
46823 175 84
46918 543 449
47277 91 39
47363 94 484
48298 412 542
48326 215 94
48664 566 36
48785 231 389
48829 67 407
49063 138 399
49534 398 491
49797 45 322
51474 412 282
51517 17 451
51597 7 384
52169 225 414
52342 496 246
52817 182 448
53647 362 555
53907 377 494
53949 113 458
55205 451 204
55470 2 552
55571 132 577
57488 360 489
57527 417 198
57879 57 152
57994 209 235
58810 350 568
59263 104 399
59277 519 378
59396 508 516
59654 547 550
0 211 369
317 498 392
752 90 33
1010 422 87
1361 324 124
1646 302 59
1973 411 252
2225 440 391
3568 515 429
3899 558 360
4741 591 542
5098 172 517
5590 232 588
5923 542 501
6907 394 548
7260 451 367
7795 513 252
8189 482 74
8429 431 515
8709 4 209
9539 541 377
9863 543 52
11470 551 573
11493 532 475
12218 266 66
12636 217 2
13388 190 257
13512 5 282
13754 477 516
14493 286 564
14775 262 119
14885 85 298
15085 394 134
16011 373 290
16035 449 508
16232 162 514
16383 8 218
16732 524 303
16768 560 318
17615 155 464
17650 233 532
18074 594 280
18345 287 561
18483 138 335
18677 79 558
19442 195 351
19567 298 150
19739 139 338
19882 281 91
20266 336 50
20642 544 454
20959 153 322
21315 478 449
21324 599 333
21471 348 377
22268 557 308
22820 428 48
23126 251 269
23229 87 129
23246 427 378
23677 275 153
25409 405 75
26237 442 453
26872 49 166
27418 555 156
27616 400 446
28454 539 387
28885 183 168
28995 103 50
29974 57 593
30059 271 459
31912 537 533
33422 265 1
33962 228 238
35063 357 209
35246 564 198
35663 35 229
36620 274 475
36762 156 484
37276 318 16
37591 19 198
38398 558 586
38570 278 160
39057 83 351
39241 395 283
39461 133 514
40008 172 284
40824 496 135
41026 424 92
41282 139 470
41660 472 157
41696 57 514
42376 157 561
42754 495 399
44596 78 105
44812 68 487
45092 423 465
45211 262 564
45563 173 421
45827 417 15
46353 24 267
47897 148 403
48373 465 107
48693 599 432
48713 209 483
49230 178 195
49284 390 360
49288 323 501
49395 103 318
49522 433 49
49648 424 60
50993 499 56
52248 458 119
52273 90 145
52650 502 118
54205 344 112
57515 12 263
57682 357 22
57765 77 438
58218 194 458
58461 391 99
58528 53 216
58653 180 411
59113 40 184
59385 341 404
59398 153 462
227 349 122
477 15 356
1644 597 246
2190 310 388
2668 505 570
3151 29 100
4320 52 170
4492 338 119
5322 358 478
5991 209 305
6023 206 266
6188 209 93
6273 240 301
6315 8 446
8174 592 446
8610 540 524
9532 242 154
9943 310 337
10382 441 336
11534 449 513
12034 260 473
12076 515 67
12567 268 201
13037 457 42
13071 38 449
14768 213 139
15717 364 53
15729 333 209
17173 513 499
17902 546 506
18369 99 258
18642 553 562
19182 3 32
20487 201 577
21283 138 308
22002 135 527
22620 422 442
22890 47 522
22938 0 284
23096 338 13
23116 98 496
23182 228 562
23271 567 28
23421 491 592
24575 403 515
24811 214 314
24824 343 212
25518 96 589
25674 347 170
26530 13 73
28097 39 357
29465 431 244
30724 39 223
32450 583 240
33014 392 525
34145 533 512
34183 590 77
34783 216 355
35758 331 352
35779 20 94
36643 278 483
36798 126 131
36922 186 410
36969 296 145
38101 227 326
38240 200 435
38460 265 167
39216 147 575
39271 205 472
39488 241 91
39706 66 131
40523 227 245
41151 421 416
41266 60 402
41289 511 425
41647 434 329
42049 226 458
42479 380 568
42974 160 220
43656 229 424
44186 80 276
44360 596 399
44657 149 290
44721 430 141
45636 465 420
46233 234 86
46378 161 410
46536 0 82
46707 226 252
46908 69 583
47215 453 76
47549 293 109
47672 265 321
47884 58 109
48151 555 226
48210 263 513
48881 558 154
48948 142 552
49874 246 175
49961 331 414
50883 480 131
51323 572 234
52955 284 267
53252 10 596
54011 288 230
54264 77 225
54604 273 12
55059 27 149
55646 500 545
55824 480 183
56442 447 304
57112 317 338
57312 557 302
57635 99 110
57701 381 423
58646 57 74
59925 458 492
539 289 157
657 452 254
676 135 187
779 130 74
1447 138 443
2446 309 396
3216 439 166
4079 73 339
4695 362 350
5948 1 580
5986 176 594
6119 19 376
7251 70 511
7590 143 135
8070 560 37
9371 346 8
10223 302 85
10460 120 252
12549 343 83
13766 166 240
13855 432 70
14130 303 594
14603 225 269
14851 147 318
14897 434 486
15318 443 184
16956 214 78
17075 369 349
17179 454 520
17396 128 190
17830 148 7
17876 304 541
18298 559 349
19161 497 125
19203 408 114
20991 553 181
21308 229 125
23870 544 382
25859 257 356
26061 548 147
26387 593 544
26849 10 210
26976 473 143
27000 508 569
27856 1 212
28390 180 185
29283 199 396
29592 5 237
29913 92 537
30269 250 128
30514 408 0
30727 542 52
31147 233 239
33172 201 282
33265 479 176
33822 471 268
34770 250 470
34894 6 580
35499 473 221
36127 31 371
36470 310 89
36784 244 179
36789 406 597
37271 541 344
38699 96 573
38744 76 23
38999 380 464
39045 503 384
40429 393 304
40563 445 588
40978 351 367
41355 100 462
41500 74 554
41517 434 280
42037 105 154
42470 23 246
42702 304 404
44188 436 584
45185 158 578
45651 264 56
46231 474 570
46427 86 44
46907 125 149
47716 224 107
49010 189 28
49776 430 217
51297 13 340
51359 558 43
51732 11 135
51820 188 348
53871 30 164
54036 140 285
54583 554 361
54868 95 92
55322 449 285
56265 281 546
56479 279 178
57001 399 386
57103 157 143
57121 65 433
57800 287 289
57860 376 420
57981 299 86
58007 494 453
58236 242 185
59436 371 545
59731 356 168
516 218 19
584 149 129
950 558 336
1997 251 477
2301 428 503
2313 537 313
3802 393 335
4561 296 460
4786 194 297
5051 265 312
5447 411 346
5942 167 563
6466 46 449
6588 94 117
6664 453 371
7714 462 8
8648 270 469
9530 265 261
10113 259 419
11135 389 382
11308 244 366
12519 129 137
13276 134 180
14299 85 68
14918 528 56
15152 455 66
15812 545 45
17102 475 556
18121 384 87
19028 497 131
19336 517 105
19438 548 344
20108 548 121
20340 597 396
20354 249 145
20759 402 70
21226 208 421
21912 126 555
22243 364 355
22316 135 552
23387 501 501
24682 286 168
24843 329 109
25564 350 74
25662 592 413
26723 594 224
26886 100 452
26895 505 49
27254 183 208
28475 148 449
29015 149 145
29448 421 144
30331 371 211
30705 352 282
30784 301 206
30818 210 390
31572 438 509
31619 548 490
31871 143 3
32051 244 162
32994 116 312
33881 430 401
33906 415 315
34218 133 206
34958 353 13
35098 38 474
36113 101 31
36840 144 478
37068 159 310
39038 245 40
39651 16 314
40540 105 359
40806 450 199
41491 72 97
41563 221 503
41883 504 456
43126 500 275
43360 511 62
43443 55 324
44573 192 535
45586 418 437
47083 4 266
47575 429 301
48173 438 226
48817 47 176
48929 307 373
49244 281 452
49314 193 444
49340 510 502
50443 118 223
50603 12 431
51115 68 278
51298 84 336
51347 386 515
51501 556 358
52472 113 106
52888 574 63
53123 345 41
53886 381 398
54851 392 409
55950 397 386
56690 411 298
56694 441 236
58137 333 260
59288 566 171
339 117 41
730 227 227
1224 68 168
1548 335 540
2678 134 309
3284 425 546
3509 416 97
3934 493 276
4452 478 451
4672 294 22
5821 205 119
7073 176 295
7168 258 511
7218 196 251
8267 445 93
8455 579 147
10258 169 357
10816 334 496
11391 118 491
12195 65 384
12720 547 469
13464 440 558
13978 500 261
14495 197 300
14801 197 236
15616 70 405
15771 380 392
17033 37 165
17045 596 4
17399 517 519
18098 588 400
18183 477 280
19473 576 589
19862 4 125
19980 552 96
20008 65 333
20176 547 102
20579 417 185
20762 93 371
21090 505 339
21228 157 156
21640 222 358
22329 362 114
22398 407 221
22947 128 252
23070 137 512
23287 50 228
23779 218 598
24224 399 65
24468 146 402
24505 422 41
25203 386 188
25208 64 224
25698 254 553
26184 513 395
26648 502 202
26894 561 95
26964 22 579
27199 59 35
27502 542 549
27787 589 294
27835 39 396
28003 373 278
28492 279 448
28561 432 255
28621 64 414
28740 513 203
28970 496 408
29264 539 583
29834 311 417
29933 207 200
30407 157 276
30531 478 368
30708 297 455
31280 123 509
31287 225 163
31366 228 356
31385 548 163
31745 411 274
32271 357 488
32794 90 438
33780 237 347
34522 215 294
34575 318 522
35097 234 412
35574 586 94
35900 109 395
35996 308 182
36211 218 63
37378 235 91
38494 540 556
38764 179 49
38888 153 570
39512 96 204
39666 441 152
39993 437 452
40149 127 303
40715 60 495
40921 407 37
40961 3 479
42885 582 11
43295 80 405
43774 160 517
44644 358 50
44833 300 7
45349 333 215
45947 599 465
47303 405 478
47419 475 251
47736 304 262
48723 35 374
49319 574 108
49589 289 37
49614 310 50
50806 404 416
51065 201 138
51775 105 158
51848 485 76
52388 433 8
52679 83 119
52927 104 278
54021 233 214
54586 542 140
55305 580 440
55440 584 315
55836 23 164
55863 372 35
56183 390 327
56813 139 88
56891 340 108
58039 599 343
59162 319 549
59262 137 596
59561 198 87
59563 198 576
116 162 54
340 297 473
629 435 12
664 308 425
1125 218 404
1967 353 519
2251 435 337
2440 31 359
3124 285 304
3517 599 302
3755 529 338
4203 143 363
4582 289 455
4922 49 447
4928 579 202
5695 511 497
6151 11 173
7090 26 296
7509 277 415
8310 121 58
8899 587 569
9915 429 79
10046 475 445
10996 63 318
11295 157 62
11979 252 312
12261 536 3
12268 471 310
13278 35 20
13562 190 199
13759 164 508
14654 376 435
15378 278 234
15660 357 97
15680 139 592
15941 558 102
16226 62 453
16448 397 39
17247 552 142
17372 193 585
17942 330 193
18462 501 525
18590 74 105
19507 143 19
20039 483 242
20116 269 244
20272 110 483
20488 449 503
20562 529 194
21044 594 140
21252 233 526
23701 326 507
23920 524 460
23941 278 404
23969 231 213
24033 374 53
24211 181 396
24394 401 392
24452 217 403
24865 568 354
25258 397 327
25390 538 456
25540 270 125
25701 393 356
26101 153 122
26394 427 60
27324 388 169
27365 575 345
27718 461 103
27818 64 505
27949 394 209
28093 375 154
28247 204 403
29077 190 149
29207 391 17
30817 289 453
31744 22 411
32206 256 219
32413 11 293
32665 234 235
33131 459 110
33405 326 112
33869 272 272
34032 238 253
34240 145 381
34348 436 125
34580 471 390
34895 267 207
36200 550 377
37024 529 539
37096 145 429
37637 476 316
37724 551 49
37858 29 367
39025 208 394
39311 159 251
40389 65 245
41203 321 502
41536 92 115
41997 583 335
43024 311 567
43533 59 396
43788 529 357
44516 348 274
44937 61 5
46319 196 106
46383 289 71
46775 318 149
46799 510 566
46843 154 533
47167 438 205
47182 577 504
47369 79 282
47796 117 511
48103 469 486
48192 21 444
48957 210 344
49366 263 194
49492 392 135
49516 316 375
50116 495 103
51234 291 262
51888 415 228
52304 522 39
52405 148 273
52469 571 286
52914 66 571
53444 69 29
53811 20 463
53825 394 383
53893 264 344
56627 215 336
58279 235 98
59184 406 544
59991 532 513
200 399 356
556 589 363
655 377 230
784 184 166
803 130 449
1325 556 25
1579 114 291
1974 247 509
2713 65 47
2970 573 553
3645 543 466
3677 504 477
4313 139 583
4447 188 109
5260 193 78
5359 116 581
5387 409 135
5858 502 393
6043 18 509
7801 222 519
8469 353 120
8752 312 532
9433 74 90
9605 585 574
9782 438 157
10853 57 549
11677 452 14
11757 388 530
13971 180 518
14351 398 508
14398 19 371
14711 138 314
15312 97 191
15325 546 54
15875 532 83
16359 66 303
16428 5 54
16625 212 427
18057 255 81
18529 551 449
18547 143 523
20246 301 93
22376 101 43
23019 238 375
23451 595 232
23616 176 246
23961 313 417
24454 550 526
24849 480 428
25973 173 256
26051 357 366
26097 116 115
26582 260 368
26585 18 589
27221 75 91
27240 389 99
27538 313 355
27760 313 513
28248 199 573
28429 462 118
29306 129 113
29362 498 179
29905 577 419
32547 578 423
33264 238 449
33632 523 235
34653 561 544
34933 143 498
35024 138 155
36431 531 20
36675 439 53
37626 536 272
37868 422 512
38032 412 48
38594 60 322
39016 295 576
39456 296 433
39811 159 66
39930 433 272
40656 284 511
40731 198 376
40939 61 294
40940 179 257
41092 245 550
41766 246 127
41975 7 302
42319 538 485
42690 278 356
42930 419 406
43200 407 63
45898 502 579
47013 595 390
48045 448 479
48456 214 177
48523 159 411
48813 468 264
50170 96 464
50971 43 138
51986 182 242
52423 335 199
54235 490 277
54533 468 314
54670 497 575
55131 452 35
55425 104 2
56689 199 249
56728 566 312
56860 360 452
57666 328 18
57987 246 306
58496 431 372
59593 152 365
962 513 155
1873 559 307
2042 187 165
2110 121 80
2340 395 108
2624 580 593
2641 235 109
2794 476 398
2809 129 558
3733 598 427
4300 120 243
5097 382 8
5249 390 196
6297 599 288
6770 301 341
7370 190 460
7772 126 75
8126 525 528
8190 378 348
8355 584 372
8881 494 517
8971 305 97
8990 271 49
9148 524 21
9998 428 71
11582 113 132
12806 519 194
13258 532 393
14721 69 197
15898 247 424
16587 227 446
17005 29 12
17182 332 534
17680 113 444
17843 231 87
17927 80 314
18894 559 409
19068 140 168
22007 384 127
22107 377 248
22273 242 339
22720 204 428
23486 215 12
23976 468 65
24101 362 170
26685 308 97
26758 540 425
27316 260 488
29259 428 255
29464 202 594
30163 157 419
30928 156 106
31485 11 519
31532 428 130
32968 12 109
33221 202 69
33474 179 574
33927 506 368
34586 51 330
35002 40 501
35066 119 522
35320 531 114
35678 188 4
35795 307 472
36347 145 147
36452 53 241
38360 426 65
38642 112 223
40616 291 196
41488 408 35
41881 162 86
42556 576 339
43156 253 319
44898 561 579
45513 221 23
46179 42 427
47212 57 262
47244 516 432
48013 449 217
48908 463 196
49049 185 157
49259 260 576
50039 579 372
50114 379 85
50228 508 291
50274 588 127
50683 220 169
51058 264 10
51110 349 597
51805 163 196
52349 598 398
52599 161 437
52862 278 301
53275 364 455
53503 398 367
53530 9 97
53885 219 314
54569 184 321
54921 9 25
55289 40 390
56005 48 596
56283 194 575
56701 539 81
56709 66 359
56730 395 326
56844 509 91
57356 367 175
57794 381 523
57837 382 254
57946 528 222
58020 24 296
58632 466 493
58925 211 523
59086 466 150
59106 173 91
59346 506 315
718 576 205
840 368 267
1998 580 283
2091 117 224
2201 291 19
2269 474 2
2657 564 465
2783 536 319
2964 446 258
4324 154 422
4555 32 25
5252 451 148
5706 35 595
6928 155 379
7293 118 216
7809 235 251
7894 126 378
8203 88 355
9441 137 556
9495 336 108
10267 568 105
10438 119 183
10502 527 413
10511 40 239
10645 363 437
12445 472 306
12468 489 202
12705 431 185
13681 505 141
14120 449 430
14450 315 151
14523 64 305
14727 11 362
14927 162 552
15061 142 221
15065 106 216
15367 288 58
15396 87 287
17594 521 452
18629 90 385
19144 259 46
19922 537 351
19941 521 432
20474 210 565
21034 458 255
21451 224 546
21852 94 224
21953 598 182
21998 196 458
22770 89 203
22806 264 211
23541 369 128
23783 210 27
24036 439 509
24720 194 233
25091 509 75
25398 52 402
25972 567 435
26322 125 305
26458 19 361
26475 504 322
26750 396 262
28198 360 7
28951 223 538
29041 20 361
29420 432 320
29621 284 227
30480 405 391
30707 132 563
31472 325 282
32191 497 28
32416 69 3
32451 115 220
32598 542 32
32876 362 169
33339 501 418
33446 84 350
33668 581 389
33980 368 182
33997 210 214
34028 411 305
34469 78 544
34923 134 377
34946 283 557
35005 433 105
35030 75 574
35770 159 149
36090 560 112
36461 293 479
36967 574 468
37136 555 38
37748 572 394
38471 433 500
39855 358 585
40966 137 545
40981 156 205
41555 10 16
41634 569 85
42076 48 311
42158 255 234
42547 51 361
44203 562 339
44383 422 177
44653 417 466
44705 335 271
44722 17 48
44963 251 517
45828 102 492
46191 379 288
46213 274 71
46490 191 38
46795 61 367
47490 548 575
48388 258 150
48869 53 526
49499 512 348
50117 555 224
50308 173 187
51015 481 1
51030 418 178
51091 294 447
51357 101 524
51505 303 61
52788 347 253
52906 163 135
53695 399 199
55019 219 358
55955 202 305
55974 519 594
56942 439 477
57402 445 394
57572 423 555
59384 590 565
59401 281 301
354 42 69
359 427 216
1390 0 486
1808 186 412
2905 566 504
2968 232 167
3415 60 288
3464 145 205
3672 575 316
4082 291 503
4428 405 418
4450 225 554
4710 410 565
4795 482 273
5243 357 233
5426 491 501
6579 205 110
6980 198 322
7297 346 229
8631 227 523
8635 341 177
9805 80 61
9955 224 185
10332 503 27
11876 188 40
12297 199 551
12542 598 461
12822 416 399
13709 564 23
17362 578 242
17515 169 408
17538 433 124
17850 394 223
18070 577 140
18108 557 252
18112 232 67
18160 13 322
18499 382 548
18846 269 419
18937 522 113
21016 427 403
21209 182 416
22674 210 502
22888 354 493
23020 7 453
23320 558 87
23503 563 55
23598 324 175
24156 351 214
24355 232 232
24579 574 495
25648 270 321
29056 183 92
29243 85 244
29402 89 439
29897 28 529
29951 134 109
30240 102 346
30383 585 224
30970 417 495
31215 522 445
31329 327 221
31996 525 557
32122 163 529
33130 9 259
33462 255 435
36297 281 564
36623 373 117
36852 208 100
36988 34 399
36994 459 241
37622 35 364
37929 324 86
38328 199 138
39007 301 531
40543 531 113
41071 115 15
43081 5 391
43240 157 571
44444 58 586
44745 371 229
45012 108 367
46267 53 490
46430 293 255
47377 199 189
47633 397 566
47786 466 412
47916 112 436
48038 301 488
48150 237 357
49069 212 167
49469 523 589
49718 444 429
49897 103 378
50105 455 213
50271 507 49
50774 59 181
50818 249 325
51125 7 351
51140 131 379
51386 36 293
51931 76 478
52263 370 378
52283 37 129
52448 99 202
53254 386 513
53340 174 177
54788 530 308
55135 402 374
55409 324 92
57645 138 163
57665 490 515
58554 265 428
59002 213 385
59564 35 523
59730 515 74
580 122 446
741 133 532
766 183 441
1340 465 79
1371 85 556
1557 34 62
1909 422 402
1968 51 402
2491 390 303
3803 463 12
3870 4 20
3880 525 472
3903 162 480
4148 204 77
5212 16 29
5238 349 118
5242 206 550
5674 364 115
