1014
801 325 264
793 146 201
456 293 340
628 319 175
443 101 115
519 348 18
211 17 108
355 371 70
48 183 184
309 61 137
474 290 256
695 55 81
603 60 286
325 350 122
82 111 142
244 130 304
93 269 15
129 281 112
696 392 370
194 156 74
928 220 98
195 193 42
345 79 366
299 162 331
6 188 86
758 120 344
1004 68 394
139 234 30
19 179 294
735 389 129
754 146 13
413 204 167
60 34 141
876 133 157
712 236 119
872 254 189
658 192 340
777 136 51
136 302 340
283 131 88
949 237 13
41 66 283
331 398 356
304 53 233
678 97 332
829 179 316
143 0 292
441 82 322
23 313 63
535 214 174
412 123 246
138 205 295
813 314 102
383 122 110
357 258 158
890 373 367
50 399 322
470 13 342
268 116 307
810 180 311
973 296 345
689 179 161
431 223 163
368 243 295
704 360 160
941 208 19
505 73 285
354 369 4
789 14 38
978 377 181
77 147 115
765 348 244
58 385 192
408 41 339
969 29 215
596 164 20
909 267 295
853 370 198
365 53 298
933 141 387
451 258 244
191 338 91
688 129 47
791 380 154
471 225 9
487 35 75
4 82 348
290 319 188
422 258 328
848 162 187
125 267 349
572 26 261
864 17 281
666 89 130
1006 192 90
561 25 230
447 326 199
342 347 189
726 117 156
350 379 321
433 197 126
310 315 122
573 43 398
616 368 279
592 26 332
380 156 190
674 315 153
47 222 299
792 332 141
271 50 45
400 123 213
241 377 277
629 276 179
439 217 157
391 109 359
869 236 300
220 196 76
630 179 340
192 281 265
326 105 77
752 163 212
302 397 120
954 388 302
159 328 99
694 249 22
955 377 359
867 260 317
528 55 201
164 151 1
189 256 344
539 300 279
896 192 84
429 175 307
86 248 183
295 109 383
514 46 141
716 153 59
13 339 304
501 162 235
593 151 61
381 370 144
799 190 333
669 359 66
90 344 345
475 155 344
69 396 317
868 376 354
379 354 233
432 246 360
320 211 364
926 30 1
680 68 243
632 315 209
486 398 197
834 114 391
284 85 123
339 164 173
71 169 4
79 78 22
917 109 58
807 377 358
445 123 20
846 148 328
529 321 141
12 96 89
26 105 273
40 370 262
362 248 26
344 361 262
130 387 112
818 158 282
668 68 94
667 1 340
717 184 54
513 384 271
708 59 336
975 238 243
131 365 168
24 1 49
64 329 376
182 194 265
382 34 132
52 84 147
947 15 106
335 324 162
168 88 343
204 136 324
843 271 71
548 237 357
556 226 11
607 383 231
652 317 320
94 309 294
871 127 148
208 282 3
859 169 267
698 205 350
229 54 9
873 378 111
578 91 294
907 292 102
649 251 61
774 234 364
929 220 396
741 244 171
983 19 150
181 293 102
480 295 7
46 79 277
266 265 133
230 254 283
772 219 123
536 61 203
559 64 170
322 100 42
661 88 200
957 212 88
488 12 234
497 276 68
1002 353 18
692 88 44
923 320 55
924 203 275
714 308 321
602 368 141
18 77 233
469 147 300
428 284 325
557 305 204
305 6 99
707 255 92
491 33 252
809 9 327
410 271 295
805 395 178
449 96 27
257 2 16
581 167 396
738 224 278
699 148 136
190 137 309
2 145 99
739 326 138
455 340 360
584 189 114
546 62 339
764 122 390
886 134 345
8 111 174
910 66 338
463 398 120
898 356 197
11 59 346
583 212 108
744 180 142
1010 398 265
446 345 41
888 64 259
38 131 139
296 31 334
223 202 369
806 50 153
360 8 4
406 54 124
83 257 200
301 145 202
838 78 148
329 161 45
877 9 324
81 245 341
358 380 391
986 391 233
811 318 102
453 180 380
158 43 255
171 117 243
857 235 318
625 324 4
209 385 71
370 187 354
914 338 265
317 70 215
710 379 281
748 159 319
278 241 214
328 8 9
397 237 182
671 91 277
563 143 84
462 183 126
897 127 384
534 159 347
121 111 62
146 137 343
399 87 214
967 197 6
882 216 105
91 241 135
387 306 242
974 31 279
921 131 309
66 81 84
976 280 89
769 46 164
817 286 134
800 107 373
148 37 220
802 263 36
552 387 256
842 15 300
512 292 341
524 106 146
127 119 281
784 367 54
981 69 197
54 333 110
273 366 186
7 228 280
757 144 379
936 223 13
697 87 88
847 183 260
92 312 372
245 202 109
141 222 149
308 236 277
318 255 187
821 146 317
530 171 236
402 325 140
785 91 218
101 155 327
95 168 42
722 3 290
911 296 329
53 287 285
831 65 228
701 169 161
120 224 170
731 345 129
564 40 309
851 25 324
972 218 233
375 225 362
679 240 207
349 206 190
874 34 166
750 369 208
647 214 384
858 340 165
425 110 211
285 115 382
711 312 123
903 347 161
252 43 178
411 362 230
582 319 339
644 71 79
75 103 156
415 19 391
255 322 288
1008 136 211
70 82 105
608 325 47
258 100 50
1005 30 73
753 224 85
132 325 321
237 97 20
303 349 395
458 214 311
854 210 395
540 356 29
825 320 150
944 146 242
376 19 369
478 236 118
622 266 193
721 42 198
351 151 206
343 279 338
822 24 380
307 242 270
542 307 111
790 352 66
126 12 255
579 358 263
63 15 309
621 188 185
918 147 166
527 36 20
356 78 53
966 346 0
998 383 292
207 325 333
588 274 289
293 130 269
249 198 37
175 167 62
676 117 89
173 10 237
849 201 353
751 222 261
508 283 321
916 236 285
298 363 304
336 92 131
468 179 326
369 291 219
835 204 180
724 385 383
390 327 173
363 316 392
374 31 4
483 242 60
878 348 29
720 35 177
461 176 396
165 345 177
300 33 105
650 231 387
103 394 115
106 293 399
347 349 71
706 202 241
520 21 352
359 20 128
946 353 32
544 282 2
442 133 262
291 244 27
150 365 10
17 349 365
464 2 349
795 337 232
1013 34 121
218 119 262
657 290 11
747 292 234
319 220 23
161 121 387
21 61 167
895 190 174
771 234 339
479 223 169
715 376 148
925 369 162
373 322 68
953 263 307
550 371 249
740 309 263
28 328 383
515 312 263
541 40 373
935 286 385
198 240 179
840 352 93
963 394 390
994 168 302
25 83 391
155 81 95
334 254 168
905 306 246
938 162 335
421 19 232
5 78 8
623 40 60
424 363 10
845 117 255
465 95 367
324 233 291
435 191 311
824 57 324
570 371 340
893 121 388
690 12 200
939 73 30
197 181 367
215 114 31
725 381 110
990 70 350
682 386 146
332 276 156
855 365 49
44 219 318
700 216 174
196 220 231
264 58 219
430 110 23
850 238 320
619 220 165
183 24 255
775 230 232
274 180 386
492 258 127
254 30 287
733 241 239
409 292 33
1011 28 106
214 337 381
549 353 83
3 110 129
122 148 58
932 342 133
631 44 377
597 42 263
472 138 147
145 189 179
1009 316 262
996 114 116
248 143 141
482 155 292
589 304 321
427 249 42
883 316 39
33 123 122
670 296 328
836 1 260
156 129 334
200 244 19
262 135 205
414 50 149
585 87 129
875 128 248
467 12 382
532 362 166
899 61 234
420 130 225
642 254 155
985 283 357
545 389 248
574 4 135
59 152 194
518 89 146
102 4 123
137 370 235
96 252 278
734 194 117
166 64 382
419 315 262
134 47 395
681 81 79
687 336 355
755 382 80
879 296 221
987 138 240
270 389 31
416 397 47
922 376 397
68 395 128
576 243 105
1007 57 369
595 173 211
533 137 95
627 98 252
523 376 234
727 68 397
852 172 107
444 90 7
537 376 297
591 110 186
705 173 2
281 312 35
118 376 90
162 52 239
553 61 205
942 356 205
22 85 212
109 251 174
598 232 75
803 227 319
30 94 250
246 273 347
315 37 293
394 341 160
902 235 287
880 129 178
116 107 221
149 243 70
476 15 140
16 186 300
34 23 231
348 386 29
767 54 17
234 280 127
773 40 116
154 396 307
558 240 91
565 216 115
250 370 58
940 82 289
919 174 22
862 106 295
506 296 268
157 306 190
516 392 341
931 253 48
232 95 176
1012 368 209
703 23 176
968 105 46
691 269 86
151 315 310
313 232 239
185 352 336
730 344 32
912 260 274
580 153 16
920 314 139
338 37 339
798 234 229
551 110 126
438 164 335
502 343 110
828 332 250
163 329 68
395 14 353
457 245 33
531 216 366
436 319 335
759 228 55
999 154 251
485 372 398
648 354 358
108 379 310
115 116 342
117 233 130
178 186 113
228 363 226
904 327 117
39 278 35
316 150 395
489 287 154
656 88 132
213 173 142
396 50 313
948 96 259
1003 243 93
9 370 237
29 272 147
51 298 291
404 264 44
891 303 48
128 389 399
600 106 258
685 225 333
768 171 271
820 343 85
844 379 218
970 38 385
226 143 132
259 55 147
562 268 4
640 322 365
677 58 328
1000 83 311
815 41 115
78 301 133
289 292 385
737 114 130
952 331 234
172 276 32
261 57 107
384 253 313
778 50 162
885 228 273
937 331 329
781 316 361
992 207 280
839 344 387
870 350 297
216 135 237
418 86 305
814 106 130
174 71 200
473 144 172
481 243 39
770 336 193
620 181 72
991 30 288
510 26 270
729 11 250
110 309 7
606 280 385
205 286 185
865 281 135
160 187 324
247 224 162
321 207 112
571 333 327
826 59 316
945 86 347
385 202 333
74 165 138
611 160 343
613 239 169
927 79 332
684 264 352
45 186 311
80 310 348
686 363 122
388 359 271
251 196 149
87 277 149
392 35 47
962 118 227
169 21 391
594 264 4
641 319 5
908 357 367
386 273 164
749 67 262
894 376 190
113 65 357
72 90 251
99 96 144
554 253 394
36 161 368
762 159 356
982 67 139
995 204 32
170 299 71
280 175 383
517 152 128
279 55 312
459 180 286
683 283 177
709 363 55
989 115 207
522 14 272
609 153 189
760 370 232
0 287 340
184 7 172
663 345 37
856 103 149
124 97 27
265 183 164
352 359 54
366 161 284
231 34 42
297 227 318
67 281 184
224 297 237
610 164 47
702 391 181
718 36 174
340 350 333
881 323 185
495 43 84
206 24 122
626 179 349
951 342 293
210 146 11
466 32 277
454 345 133
494 162 55
221 0 195
236 279 179
743 40 321
256 147 376
913 95 300
107 67 56
615 72 276
634 4 172
605 118 251
477 304 71
509 220 131
645 88 397
713 389 286
225 366 144
569 378 270
538 50 155
958 273 303
73 84 70
240 55 290
10 288 362
286 160 106
364 297 287
841 370 245
732 164 262
1001 354 147
55 258 242
525 382 360
673 327 216
984 272 68
98 321 338
144 251 238
590 91 52
267 380 290
672 6 140
104 173 173
105 149 116
587 43 235
819 302 86
934 276 47
49 168 108
62 297 284
153 179 72
378 186 254
212 150 315
235 298 359
889 41 393
217 397 145
901 128 7
1 40 371
393 116 282
88 274 399
372 316 102
437 231 388
37 126 209
193 357 39
277 143 235
490 132 61
728 159 298
979 97 131
965 236 76
243 318 265
341 161 321
639 55 29
971 266 154
20 185 170
560 25 186
114 255 346
403 227 267
180 92 372
961 3 333
577 361 70
100 51 350
823 141 304
97 396 53
756 176 14
787 120 3
693 109 289
371 341 359
780 71 78
179 343 101
333 265 89
423 188 117
547 318 239
887 342 306
654 103 85
604 187 269
643 364 119
199 277 288
659 129 282
746 26 313
498 276 306
203 369 19
448 134 240
719 126 194
915 203 294
112 102 174
675 306 380
832 215 367
993 384 142
504 83 89
89 6 65
119 84 378
637 146 18
892 133 20
337 72 158
575 76 352
997 359 338
964 203 178
660 81 394
346 55 74
76 0 17
167 267 2
405 276 40
272 184 142
239 171 375
830 5 374
152 55 69
665 56 383
782 216 192
988 93 55
507 54 153
812 366 216
123 109 184
796 369 178
426 173 376
493 216 335
651 311 34
779 173 212
32 232 223
188 366 321
816 321 34
827 302 177
260 19 207
499 143 12
543 226 23
555 332 260
884 135 291
977 197 334
222 304 251
263 82 193
276 398 199
452 8 230
511 73 172
662 319 334
863 142 75
330 256 283
417 116 224
736 370 319
960 236 379
85 248 312
638 150 18
763 330 386
766 131 336
950 129 197
42 287 342
147 181 150
434 40 79
599 306 87
61 249 275
407 197 99
618 152 317
111 240 135
201 333 92
253 241 164
401 153 119
633 33 324
980 379 326
956 14 73
282 329 277
612 136 283
783 229 352
788 12 114
135 38 138
566 11 136
176 106 374
288 127 244
35 139 359
311 274 55
327 120 329
521 45 317
786 192 366
794 148 118
745 101 26
808 227 47
238 311 106
242 337 184
287 228 245
65 75 279
567 305 172
617 351 35
943 318 301
314 327 245
377 194 271
601 282 227
655 74 174
833 370 26
186 0 372
219 107 42
635 179 129
804 57 230
306 84 273
500 64 189
312 37 224
15 43 357
776 190 260
294 32 205
460 70 183
526 60 342
233 287 142
292 137 223
653 139 283
177 202 258
646 58 142
31 258 367
353 115 206
484 180 388
140 243 229
269 43 57
503 304 142
27 26 269
398 32 39
761 286 303
837 150 37
496 124 66
742 93 298
56 300 191
389 37 303
723 337 294
861 357 42
84 0 185
227 64 210
906 182 395
586 308 154
624 246 359
930 385 63
440 52 151
664 383 117
797 21 202
866 73 168
14 336 322
142 384 366
133 2 362
187 285 179
450 318 63
900 363 90
361 168 234
568 270 69
860 336 155
275 236 271
57 299 249
636 243 224
959 61 162
43 100 335
323 118 266
202 280 41
367 359 3
614 337 228
