1123
103 1011 788
106 1046 380
349 791 358
108 791 326
535 1135 777
669 636 1120
368 581 834
1038 221 202
604 245 226
70 245 202
736 491 414
918 525 414
781 525 380
1069 690 190
1103 584 918
455 622 918
1072 209 834
163 864 563
799 844 543
1079 904 1004
235 858 1004
987 1136 1085
327 1136 1125
365 380 255
28 130 328
975 1034 1050
384 41 173
1027 953 995
277 688 667
151 443 897
171 407 897
388 716 454
224 1141 290
46 1082 98
467 33 975
871 277 1118
1061 71 421
429 71 395
802 223 695
281 1166 394
444 503 927
985 481 949
72 1172 456
419 133 586
548 133 566
674 153 566
7 153 586
82 1002 264
653 1002 208
221 625 241
357 625 273
109 593 241
458 780 1050
558 826 1096
706 145 911
35 145 957
637 158 262
963 180 262
67 267 1008
765 237 978
1036 802 552
691 802 592
547 136 419
203 136 443
289 784 1128
68 555 405
1097 585 375
117 585 405
649 520 248
582 464 248
292 598 1058
423 598 1038
854 578 1058
603 669 48
264 1161 1012
387 834 868
418 868 347
190 844 371
900 825 12
907 542 510
570 570 510
386 930 495
275 636 1121
270 532 764
340 210 738
636 1046 494
1087 1044 496
715 780 228
833 435 764
725 532 763
848 235 105
283 143 103
948 721 1009
97 525 1131
343 483 55
698 290 454
318 289 121
974 858 1049
947 56 1088
950 55 1197
949 430 1091
966 381 255
782 42 123
361 954 995
85 689 715
543 1081 98
1104 1132 895
469 277 1117
841 23 816
69 78 871
702 40 752
628 40 684
254 1001 208
335 947 264
914 92 702
1070 464 303
681 863 500
177 728 48
378 834 867
1120 834 803
818 228 1161
865 348 928
1094 292 928
955 347 929
170 301 321
307 945 788
693 932 381
84 790 358
14 791 327
880 760 326
195 791 357
665 1199 777
94 1135 775
823 977 88
989 907 158
389 653 832
940 436 764
490 529 765
1078 435 763
363 524 414
169 524 380
360 234 11
588 632 190
1050 690 188
1029 966 28
1065 923 29
215 965 29
370 584 919
15 188 455
463 289 120
968 55 1196
47 56 1197
1060 1136 1124
780 1096 1124
523 1097 1125
513 702 625
899 616 625
421 616 533
514 703 624
596 702 533
86 129 328
409 130 287
881 88 287
755 129 286
1089 443 862
599 443 896
911 442 897
960 716 455
402 715 454
196 1141 255
451 1141 289
961 1106 290
503 383 458
425 341 1052
926 279 1118
0 1092 645
1051 1123 614
743 1124 645
896 1124 615
445 225 615
607 301 615
75 1136 103
557 152 1059
903 152 1027
111 624 241
253 624 273
473 594 241
728 593 242
515 441 213
748 879 890
773 909 922
951 879 922
991 878 891
936 238 1008
800 802 553
250 763 592
437 155 702
598 154 765
44 1121 961
286 1122 928
727 1044 1140
497 1001 1139
40 428 360
619 585 376
984 584 405
220 555 376
654 584 375
296 555 404
102 556 375
584 110 32
449 191 144
585 192 179
364 157 144
12 156 145
537 157 180
58 768 804
1054 833 867
539 413 623
375 369 623
573 1010 854
1057 945 855
1074 932 494
1116 934 381
640 780 177
912 738 1124
288 909 89
925 979 157
924 582 832
946 531 762
908 532 761
324 245 203
776 221 225
839 244 226
645 222 226
927 244 202
238 233 11
708 720 1055
572 675 1008
62 213 834
27 569 1130
861 398 52
840 291 557
191 290 558
210 187 557
372 361 49
740 291 47
810 858 1048
703 859 1005
309 904 1006
200 160 1088
767 702 624
789 424 301
803 425 300
356 380 299
957 426 299
32 381 256
54 1008 994
204 953 993
687 736 669
568 690 667
657 689 714
494 1036 96
1016 1082 54
635 1037 53
420 1081 53
428 1084 846
240 1131 895
471 1133 893
269 1131 845
508 1132 894
1035 1132 846
125 96 395
48 97 420
1014 71 420
152 71 396
22 72 421
859 23 869
682 24 816
849 23 817
176 300 615
747 225 694
741 223 692
522 223 618
95 40 686
1052 1135 105
492 1134 190
670 1174 506
663 1172 458
1064 1002 210
51 947 263
851 826 1094
267 780 1094
1 145 913
135 143 911
853 100 912
280 159 419
777 160 420
30 136 420
76 160 442
988 159 443
251 785 1185
132 466 248
460 466 304
236 519 303
754 860 421
852 845 371
836 868 370
156 844 348
589 867 371
239 867 347
333 844 370
717 825 35
60 801 35
813 825 13
130 824 12
1059 347 928
701 346 929
385 569 510
758 542 509
456 342 277
895 302 321
811 300 319
367 1043 493
965 1137 712
39 1136 713
332 1199 776
602 909 158
980 978 157
1100 975 160
341 907 156
81 653 830
310 435 671
730 995 664
205 934 603
141 994 665
1030 932 605
282 931 664
248 232 105
328 148 11
1034 689 188
962 688 131
1110 630 187
1080 924 29
110 586 918
575 620 956
660 584 920
186 586 956
410 585 955
745 621 919
905 585 919
892 863 563
1107 845 563
290 844 544
655 845 543
744 863 543
824 864 544
531 844 562
952 864 562
756 189 456
234 291 120
561 361 50
967 55 1092
845 60 1088
986 1096 1123
998 1097 1124
529 1135 1086
564 1136 1087
680 616 623
882 617 534
826 700 533
672 618 625
1114 129 327
618 90 328
888 1033 1070
87 1034 1051
172 1033 1050
96 1015 1050
832 1014 1069
611 1014 1051
1058 1034 1069
794 1008 941
897 1006 995
29 1008 993
64 1009 942
185 442 896
211 407 863
34 1141 256
774 1107 290
158 1107 254
768 383 552
650 32 940
921 31 975
123 340 1118
247 277 1115
867 24 869
1022 25 870
382 78 817
304 303 691
45 301 617
150 1134 107
856 1167 392
919 482 927
100 503 948
1109 482 949
164 502 927
920 152 586
648 152 566
942 153 567
956 134 586
616 133 567
440 134 566
877 946 211
183 1035 828
219 1056 807
147 1035 806
291 1056 827
443 1034 807
1021 158 283
124 179 284
140 159 284
785 179 262
796 180 263
870 180 283
507 159 262
383 530 214
400 801 591
997 801 553
742 92 704
366 842 1131
198 1044 1181
1010 1043 1140
17 1044 1141
476 1043 1182
801 356 358
772 425 433
496 352 362
580 427 431
120 465 250
454 786 500
1081 861 499
181 783 425
729 598 1039
923 597 1038
634 597 1058
1007 598 1057
90 578 1057
527 578 1039
752 110 33
143 727 47
835 669 45
155 191 179
278 156 146
837 156 178
996 157 145
632 768 865
658 229 1162
314 228 1163
898 411 580
633 411 624
380 295 873
1019 345 929
165 348 926
483 946 855
1002 1010 853
474 1046 489
1091 1042 493
465 759 328
559 789 358
1032 759 356
77 790 357
450 790 327
825 791 356
891 760 357
982 829 177
1106 782 176
822 828 176
711 642 1120
805 738 1126
262 531 760
1009 995 607
506 995 663
869 493 380
821 524 381
1084 493 414
237 491 412
475 491 382
486 524 413
302 232 104
1056 236 16
217 689 187
935 721 1053
578 676 1008
601 673 1053
549 719 1055
326 210 829
938 570 1174
846 525 1133
546 568 1130
9 189 458
893 292 460
315 290 555
876 901 1050
424 904 1047
526 858 1047
166 157 1088
413 60 1089
762 68 537
879 495 1091
433 432 1090
928 497 1023
502 429 1025
331 615 621
571 423 255
26 425 257
279 382 300
59 425 299
553 426 258
978 42 125
1063 91 126
396 689 669
718 690 668
540 690 714
66 733 667
806 716 456
246 686 456
554 687 483
1075 686 482
820 472 552
656 473 461
19 1080 53
1037 1039 98
885 1036 95
415 1079 52
623 1130 845
566 1132 893
910 1084 847
104 342 1115
162 1093 615
322 1124 644
828 1124 616
1045 1094 614
1033 1123 615
858 1092 616
398 298 695
311 37 752
536 183 1057
188 183 1029
1102 151 1029
945 593 271
79 625 271
977 623 241
510 824 1051
646 825 1094
700 783 1050
775 826 1093
857 823 1050
303 780 1053
362 145 914
719 101 956
308 101 912
342 909 891
268 910 892
757 880 922
724 910 920
972 879 921
683 238 1007
779 267 1006
639 266 979
563 266 1007
1031 265 1008
416 237 980
819 95 702
592 153 764
620 96 701
784 155 762
133 1090 927
872 1120 961
493 1122 959
797 1121 928
468 1089 960
1096 1121 960
542 1120 927
339 1088 929
394 423 434
11 555 403
427 556 376
759 585 403
816 858 501
1113 787 500
532 672 47
80 669 44
453 833 865
569 770 804
213 834 864
844 830 868
933 344 318
101 300 318
675 300 280
678 1045 489
953 1037 380
337 931 387
478 930 388
538 1046 487
173 936 382
694 1039 495
544 780 225
379 782 177
863 829 178
834 829 226
778 1138 775
1066 1140 777
624 1198 775
393 910 158
901 912 160
187 977 157
576 976 90
276 653 829
979 650 832
16 233 14
119 145 16
995 965 27
873 925 29
600 214 740
121 302 742
91 299 739
915 402 53
875 191 557
860 293 121
732 358 48
560 358 120
138 58 1194
878 59 1195
222 66 632
944 64 634
56 431 1088
917 1097 1123
1053 1136 1122
533 1099 1085
615 701 536
817 91 328
941 130 325
306 127 328
712 90 327
391 128 287
178 1009 943
922 53 314
23 49 238
753 385 460
462 381 464
466 279 1055
122 97 419
209 71 397
581 96 396
808 95 395
439 73 395
545 96 420
417 73 421
43 72 420
1043 78 818
78 79 867
764 227 617
733 300 618
179 297 615
399 303 689
890 297 695
1047 225 691
294 36 752
297 37 751
432 40 688
667 1167 391
664 1170 394
505 1002 212
913 950 208
426 946 260
194 532 122
407 442 122
791 441 209
258 764 553
249 800 591
351 801 554
485 799 552
447 763 590
787 840 1130
731 784 1182
1071 841 1183
71 787 1185
8 1002 1140
381 1001 1181
696 1043 1181
593 467 303
233 517 303
6 465 301
197 518 250
4 787 423
180 861 425
530 859 499
686 68 34
127 69 33
271 110 34
313 768 863
10 772 803
442 229 1163
452 279 1163
750 281 1165
541 410 624
245 411 581
651 411 623
376 371 581
350 372 580
643 371 623
737 292 925
916 344 929
42 347 876
316 345 928
884 346 927
243 570 508
299 543 509
1073 569 509
344 542 508
404 568 482
272 570 484
265 569 483
684 543 483
504 568 510
113 945 792
707 948 855
1046 943 794
128 945 852
688 946 791
647 943 850
904 1010 793
348 1041 385
1006 734 1124
160 913 88
690 910 91
771 979 154
638 907 154
677 649 832
1048 583 766
1108 583 830
57 586 763
662 527 762
334 532 757
721 439 762
112 934 605
115 222 203
1003 245 204
735 222 225
52 223 226
518 245 224
49 243 202
583 221 224
868 244 225
519 493 381
207 522 380
520 494 414
812 491 383
610 524 382
709 525 383
746 144 18
477 688 133
550 718 1009
1024 674 1053
345 677 1008
63 720 1053
182 720 1011
722 586 919
330 621 920
517 587 918
788 621 954
2 620 919
105 211 828
319 305 746
371 527 1174
969 529 1176
1055 567 1130
459 567 1176
74 400 50
301 481 51
929 291 552
516 188 553
228 902 1006
202 900 1004
699 904 1046
403 66 537
605 63 634
831 70 627
1017 499 1027
1092 494 1022
671 431 1087
377 618 622
293 381 298
431 382 257
411 426 297
274 87 123
317 88 124
751 41 127
20 688 711
710 736 711
154 692 715
697 443 894
13 408 895
1004 443 864
263 442 895
499 441 896
556 408 863
148 50 240
954 49 239
591 1140 256
973 1139 289
55 1106 256
359 1139 255
435 1138 290
244 1138 254
159 468 554
412 1078 52
738 1081 95
1112 1039 97
397 1078 98
714 1082 56
528 1038 54
676 1037 95
320 1036 56
579 31 940
685 0 975
501 32 941
1098 1130 846
586 1132 892
149 1084 848
137 228 693
354 36 685
395 38 687
889 39 688
1005 37 686
18 1138 106
847 1140 192
414 1173 503
392 1174 504
1020 1174 458
405 824 1094
644 782 1094
352 825 1053
227 784 1050
1090 143 955
157 103 911
295 101 913
498 142 956
804 439 206
1068 530 211
930 94 762
142 96 764
61 153 763
369 160 421
134 158 419
489 159 420
641 159 442
970 137 442
199 136 441
93 160 441
790 138 419
1067 137 420
408 136 421
1011 1122 958
679 1120 960
886 1091 961
815 1089 959
883 1119 961
793 1121 929
216 842 1181
261 785 1182
1076 787 1130
795 785 1132
1119 352 364
761 425 431
1042 860 497
41 859 498
436 861 426
464 786 497
401 191 178
829 159 144
1023 156 177
242 192 147
760 190 145
193 190 179
855 157 178
338 159 180
932 1164 1081
689 846 347
1095 868 369
83 844 349
174 866 371
92 845 370
24 867 348
259 825 14
629 823 12
630 801 14
145 802 35
567 803 36
992 824 13
606 824 35
609 801 34
976 342 319
88 303 278
487 301 280
511 344 317
25 340 321
353 302 279
184 340 277
786 302 319
161 762 326
1121 788 326
1018 790 328
1082 791 355
214 760 356
716 828 178
959 784 228
305 780 180
612 782 178
118 826 176
126 733 1125
373 973 159
329 973 89
1041 972 160
167 907 153
50 588 762
770 582 828
260 583 829
1093 650 766
937 530 758
257 994 662
488 934 606
981 991 605
206 931 661
666 230 13
642 143 20
792 147 16
232 630 136
481 686 188
1117 923 26
5 966 25
136 213 829
705 298 740
1062 864 545
1115 862 543
902 863 562
597 846 563
241 845 544
521 845 562
783 862 563
887 844 561
336 482 49
617 291 551
1111 358 118
146 161 1095
273 63 1196
827 62 633
1039 497 1026
256 493 1090
1122 432 1087
438 435 1090
33 495 1088
168 1098 1087
114 1099 1086
713 1132 1085
491 1135 1122
430 1135 1088
1118 1133 1086
472 1134 1123
590 1132 1125
625 1099 1124
1001 700 537
1026 622 625
842 90 288
906 91 327
943 130 290
934 126 286
769 129 325
749 1015 1051
1101 1033 1069
766 1016 1070
300 1015 1069
661 1014 1068
565 1034 1068
814 1034 1052
325 1032 1050
448 1033 1051
763 1014 1052
441 91 128
208 87 124
524 86 173
999 1009 944
577 1007 942
862 49 316
479 54 245
1015 686 481
595 716 481
192 716 457
321 713 454
723 715 456
850 687 456
99 713 484
1012 689 454
704 389 458
864 1130 893
695 1084 891
284 1084 849
668 1133 890
652 343 1112
1040 277 1112
285 343 1058
38 340 1055
673 1092 617
613 1121 614
739 1093 644
931 1095 646
1000 1095 614
1008 1124 643
993 1093 616
512 1122 615
994 1123 644
983 75 870
484 77 818
562 27 816
622 79 820
153 1137 188
1105 180 1059
131 181 1028
964 152 1029
509 182 1057
470 154 1027
807 183 1030
434 181 1058
1086 182 1029
116 153 1028
347 154 1059
1085 1168 343
552 1171 340
457 1169 392
692 1167 344
909 483 927
266 501 927
555 481 947
390 503 947
798 482 928
374 502 928
574 482 948
594 1177 456
1049 1177 506
223 1175 458
346 1173 460
587 1174 503
525 152 585
37 152 567
551 153 568
1044 134 567
231 135 586
298 134 585
189 135 566
36 133 568
866 153 584
65 151 586
21 151 566
838 949 262
894 1000 211
461 947 260
1028 1054 828
1025 1035 807
446 1055 807
144 1056 826
226 1034 826
312 1035 827
175 625 270
225 593 270
355 595 242
971 623 272
129 624 271
255 596 241
621 624 243
1088 594 271
107 159 283
3 180 264
958 178 262
229 179 283
608 159 263
98 158 264
726 180 282
480 179 263
252 178 284
482 160 262
614 527 119
406 526 214
139 526 118
358 881 922
1099 880 891
843 880 921
627 909 920
534 267 981
990 240 978
1077 266 1006
659 264 978
830 265 1007
212 238 1006
809 267 1005
422 266 980
626 238 980
31 800 590
874 798 592
89 762 556
218 801 589
1013 799 591
495 766 592
939 763 589
734 800 554
1083 97 764
73 95 762
720 154 761
323 152 703
287 152 763
500 1001 1180
230 1042 1141
631 1040 1183
201 1004 1183
53 1041 1182
